Command: vcs -timescale=1ns/1fs -j4 -sverilog +v2k -full64 -Mupdate -R -debug_access+all \
-f filelist.f -o simv -l vcs.log -P /usr/cad/synopsys/verdi/2019.06//share/PLI/VCS/linux64/novas.tab \
/usr/cad/synopsys/verdi/2019.06//share/PLI/VCS/linux64/pli.a -v /RAID2/COURSE/BackUp/2023_Spring/iclab/iclabta01/umc018/Verilog/umc18_neg.v \
+define+GATE +neg_tchk
*** Using c compiler gcc instead of cc ...
                         Chronologic VCS (TM)
         Version T-2022.06_Full64 -- Mon Jan 22 14:33:13 2024

                    Copyright (c) 1991 - 2022 Synopsys, Inc.
   This software and the associated documentation are proprietary to Synopsys,
 Inc. This software may only be used in accordance with the terms and conditions
 of a written license agreement with Synopsys, Inc. All other use, reproduction,
   or distribution of this software is strictly prohibited.  Licensed Products
     communicate with Synopsys servers for the purpose of providing software
    updates, detecting software piracy and verifying that customers are using
    Licensed Products in conformity with the applicable License Key for such
  Licensed Products. Synopsys will use information gathered in connection with
    this process to deliver software updates and pursue software pirates and
                                   infringers.

 Inclusivity & Diversity - Visit SolvNetPlus to read the "Synopsys Statement on
            Inclusivity and Diversity" (Refer to article 000036315 at
                        https://solvnetplus.synopsys.com)

Parsing design file 'TESTBED.v'
Parsing included file 'PATTERN.v'.
Parsing included file '../00_TESTBED/pseudo_DRAM.v'.
Back to file 'PATTERN.v'.
Parsing included file '../00_TESTBED/pseudo_SD.v'.

Warning-[IPDW] Identifier previously declared
../00_TESTBED/pseudo_SD.v, 44
  Second declaration for identifier 'counter' ignored
  Identifier 'counter' previously declared as reg. [../00_TESTBED/pseudo_SD.v,
  42]

Back to file 'PATTERN.v'.

Warning-[DDPID] Data object declaration precedes IO declaration
PATTERN.v, 34
  Declaration of 'output' port 'clk' is after the declaration
  of 'clk' as 'reg' at [PATTERN.v, 29]
  Declare the port before the data object declaration.
  


Warning-[IPDW] Identifier previously declared
PATTERN.v, 34
  Second declaration for identifier 'clk' ignored
  Identifier 'clk' previously declared as output port. [PATTERN.v, 29]


Warning-[IPDW] Identifier previously declared
PATTERN.v, 71
  Second declaration for identifier 'CYCLE' ignored
  Identifier 'CYCLE' previously declared as real. [PATTERN.v, 30]


Warning-[RVOSFD] Return value discarded
PATTERN.v, 83
  System function '$fscanf' is invoked as task, its return value is discarded.
  "PATTERN.v", 83
  Source info:     $fscanf(pat_read, "%d", PAT_NUM);


Warning-[RVOSFD] Return value discarded
PATTERN.v, 189
  System function '$fscanf' is invoked as task, its return value is discarded.
  "PATTERN.v", 189
  Source info:      $fscanf(pat_read, "%d %d %d", 
  patternType,address1,address2);

Back to file 'TESTBED.v'.
Parsing included file 'BRIDGE_SYN.v'.
Back to file 'TESTBED.v'.
Parsing library file '/RAID2/COURSE/BackUp/2023_Spring/iclab/iclabta01/umc018/Verilog/umc18_neg.v'
Top Level Modules:
       TESTBED
TimeScale is 1 ns / 1 ps

   ***   $sdf_annotate() version 1.2R
   ***    SDF file: "BRIDGE_SYN.sdf"
   ***    Annotation scope: TESTBED.u_BRIDGE
   ***    No MTM selection argument specified
   ***    No SCALE FACTORS argument specified
   ***    No SCALE TYPE argument specified
   ***    MTM selection defaulted to "TOOL_CONTROL":
               (+typdelays compiled, TYPICAL delays selected)
   ***    SCALE FACTORS defaulted to "1.0:1.0:1.0":
   ***    SCALE TYPE defaulted to: "FROM_MTM"
   ***    Turnoff delay: "FROM_FILE"
   ***    Approximation (mipd) policy: "MAXIMUM"

   ***    SDF annotation begin: Mon Jan 22 14:33:14 2024


SDF Info: +pulse_r/100, +pulse_e/100 in effect

Warning-[SDFCOM_NDI] Negative Delay Ignored
BRIDGE_SYN.sdf, 9874
module: OAI21XL, "instance: TESTBED.u_BRIDGE.U2645"
  SDF Warning: Negative delay is ignored and replaced by 0.
  Please use -negdelay to support it. 


Warning-[SDFCOM_NDI] Negative Delay Ignored
BRIDGE_SYN.sdf, 9918
module: OAI21XL, "instance: TESTBED.u_BRIDGE.U2641"
  SDF Warning: Negative delay is ignored and replaced by 0.
  Please use -negdelay to support it. 


Warning-[SDFCOM_NDI] Negative Delay Ignored
BRIDGE_SYN.sdf, 9962
module: OAI21XL, "instance: TESTBED.u_BRIDGE.U2637"
  SDF Warning: Negative delay is ignored and replaced by 0.
  Please use -negdelay to support it. 


Warning-[SDFCOM_NDI] Negative Delay Ignored
BRIDGE_SYN.sdf, 10006
module: OAI21XL, "instance: TESTBED.u_BRIDGE.U2633"
  SDF Warning: Negative delay is ignored and replaced by 0.
  Please use -negdelay to support it. 


Warning-[SDFCOM_NDI] Negative Delay Ignored
BRIDGE_SYN.sdf, 10050
module: OAI21XL, "instance: TESTBED.u_BRIDGE.U2629"
  SDF Warning: Negative delay is ignored and replaced by 0.
  Please use -negdelay to support it. 


Warning-[SDFCOM_NDI] Negative Delay Ignored
BRIDGE_SYN.sdf, 10094
module: OAI21XL, "instance: TESTBED.u_BRIDGE.U2625"
  SDF Warning: Negative delay is ignored and replaced by 0.
  Please use -negdelay to support it. 


Warning-[SDFCOM_NDI] Negative Delay Ignored
BRIDGE_SYN.sdf, 10138
module: OAI21XL, "instance: TESTBED.u_BRIDGE.U2621"
  SDF Warning: Negative delay is ignored and replaced by 0.
  Please use -negdelay to support it. 


          Total errors: 0
          Total warnings: 7
   ***    SDF annotation completed: Mon Jan 22 14:33:15 2024



Warning-[DRTZ] Detect delay value roundoff to 0
  Delay from design or SDF file roundoff to 0 based on timescale
  Please use switch -diag timescale to dump detailed information.

Starting vcs inline pass...

Note-[VCS_PARAL] Parallel code-gen enabled
  VCS is running with parallel code generation(-j)...

45 modules and 2 UDPs read.
recompiling module BRIDGE
recompiling module pseudo_SD
recompiling module pseudo_DRAM
recompiling module DFFRHQXL
recompiling module DFFSHQXL
recompiling module OAI222XL
recompiling module AOI221XL
recompiling module BUFXL
recompiling module INVX1
recompiling module INVX2
recompiling module INVXL
recompiling module PATTERN
recompiling module AOI32XL
recompiling module OAI32XL
recompiling module AOI22XL
recompiling module AOI2BB2XL
recompiling module OAI22XL
recompiling module OAI2BB2XL
recompiling module XNOR2XL
recompiling module XOR2XL
recompiling module AOI211XL
recompiling module AOI31XL
recompiling module MXI2XL
recompiling module NOR4BX1
recompiling module OAI211XL
recompiling module OAI31XL
recompiling module TESTBED
recompiling module AND4XL
recompiling module AOI21XL
recompiling module AOI2BB1XL
recompiling module NAND3BXL
recompiling module NAND4XL
recompiling module NOR4XL
recompiling module OAI21XL
recompiling module OAI2BB1XL
recompiling module NAND2BXL
recompiling module NAND3XL
recompiling module NOR2BXL
recompiling module NOR3XL
recompiling module AND2XL
recompiling module NAND2X1
recompiling module NAND2XL
recompiling module NOR2X1
recompiling module NOR2XL
recompiling module OR2XL
All of 45 modules done
make[1]: Entering directory `/RAID2/COURSE/iclab/iclab129/Lab03/Exercise/03_GATE/csrc' \

make[1]: Warning: File `filelist.hsopt.llvm2_0.objs' has modification time 0.36 s \
in the future
make[2]: Warning: File `filelist.hsopt.llvm2_0.objs' has modification time 0.35 s \
in the future
rm -f _cuarc*.so _csrc*.so pre_vcsobj_*.so share_vcsobj_*.so
make[2]: warning:  Clock skew detected.  Your build may be incomplete.
make[2]: Warning: File `filelist.hsopt.llvm2_0.objs' has modification time 0.32 s \
in the future
make[2]: warning:  Clock skew detected.  Your build may be incomplete.
if [ -x ../simv ]; then chmod a-x ../simv; fi
g++  -o ../simv      -rdynamic  -Wl,-rpath='$ORIGIN'/simv.daidir -Wl,-rpath=./simv.daidir \
-Wl,-rpath=/usr/cad/synopsys/vcs/2022.06/linux64/lib -L/usr/cad/synopsys/vcs/2022.06/linux64/lib \
-Wl,-rpath-link=./  /usr/lib64/libnuma.so.1   objs/amcQw_d.o   _125308_archive_1.so \
_125327_archive_1.so _125328_archive_1.so objs/udps/U7Vwg.o objs/udps/exIG1.o  SIM_l.o \
rmapats_mop.o rmapats.o rmar.o rmar_nd.o  rmar_llvm_0_1.o rmar_llvm_0_0.o        \
-lvirsim -lerrorinf -lsnpsmalloc -lvfs /usr/cad/synopsys/verdi/2019.06//share/PLI/VCS/linux64/pli.a \
-lvcsnew -lsimprofile -luclinative /usr/cad/synopsys/vcs/2022.06/linux64/lib/vcs_tls.o \
-Wl,-whole-archive  -lvcsucli    -Wl,-no-whole-archive        _vcs_pli_stub_.o   \
/usr/cad/synopsys/vcs/2022.06/linux64/lib/vcs_save_restore_new.o /usr/cad/synopsys/verdi/2019.06//share/PLI/VCS/LINUX64/pli.a \
-ldl -lm  -lc -lpthread -ldl 
../simv up to date
make[1]: warning:  Clock skew detected.  Your build may be incomplete.
make[1]: Leaving directory `/RAID2/COURSE/iclab/iclab129/Lab03/Exercise/03_GATE/csrc' \

Command: /RAID2/COURSE/iclab/iclab129/Lab03/Exercise/03_GATE/./simv +v2k -a vcs.log +define+GATE +neg_tchk
Chronologic VCS simulator copyright 1991-2022
Contains Synopsys proprietary information.
Compiler version T-2022.06_Full64; Runtime version T-2022.06_Full64;  Jan 22 14:33 2024
Doing SDF annotation ...... Done
*Verdi* Loading libsscore_vcs201906.so
FSDB Dumper for VCS, Release Verdi_P-2019.06, Linux x86_64/64bit, 05/26/2019
(C) 1996 - 2019 by Synopsys, Inc.
***********************************************************************
*  ERROR -                                                            *
*  The simulator version is newer than the FSDB dumper version which  *
*  may cause abnormal behavior, please contact Synopsys support for   *
*  assistance.                                                        *
***********************************************************************
*Verdi* : Create FSDB file 'BRIDGE_SYN.fsdb'
*Verdi* : Begin traversing the scopes, layer (0).
*Verdi* : Enable +mda dumping.
*Verdi* : End of traversing.
PASS PATTERN NO.   1
PASS PATTERN NO.   2
PASS PATTERN NO.   3
PASS PATTERN NO.   4
PASS PATTERN NO.   5
PASS PATTERN NO.   6
PASS PATTERN NO.   7
PASS PATTERN NO.   8
PASS PATTERN NO.   9
PASS PATTERN NO.  10
PASS PATTERN NO.  11
PASS PATTERN NO.  12
PASS PATTERN NO.  13
PASS PATTERN NO.  14
PASS PATTERN NO.  15
PASS PATTERN NO.  16
PASS PATTERN NO.  17
PASS PATTERN NO.  18
PASS PATTERN NO.  19
PASS PATTERN NO.  20
PASS PATTERN NO.  21
PASS PATTERN NO.  22
PASS PATTERN NO.  23
PASS PATTERN NO.  24
PASS PATTERN NO.  25
PASS PATTERN NO.  26
PASS PATTERN NO.  27
PASS PATTERN NO.  28
PASS PATTERN NO.  29
PASS PATTERN NO.  30
PASS PATTERN NO.  31
PASS PATTERN NO.  32
PASS PATTERN NO.  33
PASS PATTERN NO.  34
PASS PATTERN NO.  35
PASS PATTERN NO.  36
PASS PATTERN NO.  37
PASS PATTERN NO.  38
PASS PATTERN NO.  39
PASS PATTERN NO.  40
PASS PATTERN NO.  41
PASS PATTERN NO.  42
PASS PATTERN NO.  43
PASS PATTERN NO.  44
PASS PATTERN NO.  45
PASS PATTERN NO.  46
PASS PATTERN NO.  47
PASS PATTERN NO.  48
PASS PATTERN NO.  49
PASS PATTERN NO.  50
PASS PATTERN NO.  51
PASS PATTERN NO.  52
PASS PATTERN NO.  53
PASS PATTERN NO.  54
PASS PATTERN NO.  55
PASS PATTERN NO.  56
PASS PATTERN NO.  57
PASS PATTERN NO.  58
PASS PATTERN NO.  59
PASS PATTERN NO.  60
PASS PATTERN NO.  61
PASS PATTERN NO.  62
PASS PATTERN NO.  63
PASS PATTERN NO.  64
PASS PATTERN NO.  65
PASS PATTERN NO.  66
PASS PATTERN NO.  67
PASS PATTERN NO.  68
PASS PATTERN NO.  69
PASS PATTERN NO.  70
PASS PATTERN NO.  71
PASS PATTERN NO.  72
PASS PATTERN NO.  73
PASS PATTERN NO.  74
PASS PATTERN NO.  75
PASS PATTERN NO.  76
PASS PATTERN NO.  77
PASS PATTERN NO.  78
PASS PATTERN NO.  79
PASS PATTERN NO.  80
PASS PATTERN NO.  81
PASS PATTERN NO.  82
PASS PATTERN NO.  83
PASS PATTERN NO.  84
PASS PATTERN NO.  85
PASS PATTERN NO.  86
PASS PATTERN NO.  87
PASS PATTERN NO.  88
PASS PATTERN NO.  89
PASS PATTERN NO.  90
PASS PATTERN NO.  91
PASS PATTERN NO.  92
PASS PATTERN NO.  93
PASS PATTERN NO.  94
PASS PATTERN NO.  95
PASS PATTERN NO.  96
PASS PATTERN NO.  97
PASS PATTERN NO.  98
PASS PATTERN NO.  99
PASS PATTERN NO. 100
PASS PATTERN NO. 101
PASS PATTERN NO. 102
PASS PATTERN NO. 103
PASS PATTERN NO. 104
PASS PATTERN NO. 105
PASS PATTERN NO. 106
PASS PATTERN NO. 107
PASS PATTERN NO. 108
PASS PATTERN NO. 109
PASS PATTERN NO. 110
PASS PATTERN NO. 111
PASS PATTERN NO. 112
PASS PATTERN NO. 113
PASS PATTERN NO. 114
PASS PATTERN NO. 115
PASS PATTERN NO. 116
PASS PATTERN NO. 117
PASS PATTERN NO. 118
PASS PATTERN NO. 119
PASS PATTERN NO. 120
PASS PATTERN NO. 121
PASS PATTERN NO. 122
PASS PATTERN NO. 123
PASS PATTERN NO. 124
PASS PATTERN NO. 125
PASS PATTERN NO. 126
PASS PATTERN NO. 127
PASS PATTERN NO. 128
PASS PATTERN NO. 129
PASS PATTERN NO. 130
PASS PATTERN NO. 131
PASS PATTERN NO. 132
PASS PATTERN NO. 133
PASS PATTERN NO. 134
PASS PATTERN NO. 135
PASS PATTERN NO. 136
PASS PATTERN NO. 137
PASS PATTERN NO. 138
PASS PATTERN NO. 139
PASS PATTERN NO. 140
PASS PATTERN NO. 141
PASS PATTERN NO. 142
PASS PATTERN NO. 143
PASS PATTERN NO. 144
PASS PATTERN NO. 145
PASS PATTERN NO. 146
PASS PATTERN NO. 147
PASS PATTERN NO. 148
PASS PATTERN NO. 149
PASS PATTERN NO. 150
PASS PATTERN NO. 151
PASS PATTERN NO. 152
PASS PATTERN NO. 153
PASS PATTERN NO. 154
PASS PATTERN NO. 155
PASS PATTERN NO. 156
PASS PATTERN NO. 157
PASS PATTERN NO. 158
PASS PATTERN NO. 159
PASS PATTERN NO. 160
PASS PATTERN NO. 161
PASS PATTERN NO. 162
PASS PATTERN NO. 163
PASS PATTERN NO. 164
PASS PATTERN NO. 165
PASS PATTERN NO. 166
PASS PATTERN NO. 167
PASS PATTERN NO. 168
PASS PATTERN NO. 169
PASS PATTERN NO. 170
PASS PATTERN NO. 171
PASS PATTERN NO. 172
PASS PATTERN NO. 173
PASS PATTERN NO. 174
PASS PATTERN NO. 175
PASS PATTERN NO. 176
PASS PATTERN NO. 177
PASS PATTERN NO. 178
PASS PATTERN NO. 179
PASS PATTERN NO. 180
PASS PATTERN NO. 181
PASS PATTERN NO. 182
PASS PATTERN NO. 183
PASS PATTERN NO. 184
PASS PATTERN NO. 185
PASS PATTERN NO. 186
PASS PATTERN NO. 187
PASS PATTERN NO. 188
PASS PATTERN NO. 189
PASS PATTERN NO. 190
PASS PATTERN NO. 191
PASS PATTERN NO. 192
PASS PATTERN NO. 193
PASS PATTERN NO. 194
PASS PATTERN NO. 195
PASS PATTERN NO. 196
PASS PATTERN NO. 197
PASS PATTERN NO. 198
PASS PATTERN NO. 199
PASS PATTERN NO. 200
PASS PATTERN NO. 201
PASS PATTERN NO. 202
PASS PATTERN NO. 203
PASS PATTERN NO. 204
PASS PATTERN NO. 205
PASS PATTERN NO. 206
PASS PATTERN NO. 207
PASS PATTERN NO. 208
PASS PATTERN NO. 209
PASS PATTERN NO. 210
PASS PATTERN NO. 211
PASS PATTERN NO. 212
PASS PATTERN NO. 213
PASS PATTERN NO. 214
PASS PATTERN NO. 215
PASS PATTERN NO. 216
PASS PATTERN NO. 217
PASS PATTERN NO. 218
PASS PATTERN NO. 219
PASS PATTERN NO. 220
PASS PATTERN NO. 221
PASS PATTERN NO. 222
PASS PATTERN NO. 223
PASS PATTERN NO. 224
PASS PATTERN NO. 225
PASS PATTERN NO. 226
PASS PATTERN NO. 227
PASS PATTERN NO. 228
PASS PATTERN NO. 229
PASS PATTERN NO. 230
PASS PATTERN NO. 231
PASS PATTERN NO. 232
PASS PATTERN NO. 233
PASS PATTERN NO. 234
PASS PATTERN NO. 235
PASS PATTERN NO. 236
PASS PATTERN NO. 237
PASS PATTERN NO. 238
PASS PATTERN NO. 239
PASS PATTERN NO. 240
PASS PATTERN NO. 241
PASS PATTERN NO. 242
PASS PATTERN NO. 243
PASS PATTERN NO. 244
PASS PATTERN NO. 245
PASS PATTERN NO. 246
PASS PATTERN NO. 247
PASS PATTERN NO. 248
PASS PATTERN NO. 249
PASS PATTERN NO. 250
PASS PATTERN NO. 251
PASS PATTERN NO. 252
PASS PATTERN NO. 253
PASS PATTERN NO. 254
PASS PATTERN NO. 255
PASS PATTERN NO. 256
PASS PATTERN NO. 257
PASS PATTERN NO. 258
PASS PATTERN NO. 259
PASS PATTERN NO. 260
PASS PATTERN NO. 261
PASS PATTERN NO. 262
PASS PATTERN NO. 263
PASS PATTERN NO. 264
PASS PATTERN NO. 265
PASS PATTERN NO. 266
PASS PATTERN NO. 267
PASS PATTERN NO. 268
PASS PATTERN NO. 269
PASS PATTERN NO. 270
PASS PATTERN NO. 271
PASS PATTERN NO. 272
PASS PATTERN NO. 273
PASS PATTERN NO. 274
PASS PATTERN NO. 275
PASS PATTERN NO. 276
PASS PATTERN NO. 277
PASS PATTERN NO. 278
PASS PATTERN NO. 279
PASS PATTERN NO. 280
PASS PATTERN NO. 281
PASS PATTERN NO. 282
PASS PATTERN NO. 283
PASS PATTERN NO. 284
PASS PATTERN NO. 285
PASS PATTERN NO. 286
PASS PATTERN NO. 287
PASS PATTERN NO. 288
PASS PATTERN NO. 289
PASS PATTERN NO. 290
PASS PATTERN NO. 291
PASS PATTERN NO. 292
PASS PATTERN NO. 293
PASS PATTERN NO. 294
PASS PATTERN NO. 295
PASS PATTERN NO. 296
PASS PATTERN NO. 297
PASS PATTERN NO. 298
PASS PATTERN NO. 299
PASS PATTERN NO. 300
PASS PATTERN NO. 301
PASS PATTERN NO. 302
PASS PATTERN NO. 303
PASS PATTERN NO. 304
PASS PATTERN NO. 305
PASS PATTERN NO. 306
PASS PATTERN NO. 307
PASS PATTERN NO. 308
PASS PATTERN NO. 309
PASS PATTERN NO. 310
PASS PATTERN NO. 311
PASS PATTERN NO. 312
PASS PATTERN NO. 313
PASS PATTERN NO. 314
PASS PATTERN NO. 315
PASS PATTERN NO. 316
PASS PATTERN NO. 317
PASS PATTERN NO. 318
PASS PATTERN NO. 319
PASS PATTERN NO. 320
PASS PATTERN NO. 321
PASS PATTERN NO. 322
PASS PATTERN NO. 323
PASS PATTERN NO. 324
PASS PATTERN NO. 325
PASS PATTERN NO. 326
PASS PATTERN NO. 327
PASS PATTERN NO. 328
PASS PATTERN NO. 329
PASS PATTERN NO. 330
PASS PATTERN NO. 331
PASS PATTERN NO. 332
PASS PATTERN NO. 333
PASS PATTERN NO. 334
PASS PATTERN NO. 335
PASS PATTERN NO. 336
PASS PATTERN NO. 337
PASS PATTERN NO. 338
PASS PATTERN NO. 339
PASS PATTERN NO. 340
PASS PATTERN NO. 341
PASS PATTERN NO. 342
PASS PATTERN NO. 343
PASS PATTERN NO. 344
PASS PATTERN NO. 345
PASS PATTERN NO. 346
PASS PATTERN NO. 347
PASS PATTERN NO. 348
PASS PATTERN NO. 349
PASS PATTERN NO. 350
PASS PATTERN NO. 351
PASS PATTERN NO. 352
PASS PATTERN NO. 353
PASS PATTERN NO. 354
PASS PATTERN NO. 355
PASS PATTERN NO. 356
PASS PATTERN NO. 357
PASS PATTERN NO. 358
PASS PATTERN NO. 359
PASS PATTERN NO. 360
PASS PATTERN NO. 361
PASS PATTERN NO. 362
PASS PATTERN NO. 363
PASS PATTERN NO. 364
PASS PATTERN NO. 365
PASS PATTERN NO. 366
PASS PATTERN NO. 367
PASS PATTERN NO. 368
PASS PATTERN NO. 369
PASS PATTERN NO. 370
PASS PATTERN NO. 371
PASS PATTERN NO. 372
PASS PATTERN NO. 373
PASS PATTERN NO. 374
PASS PATTERN NO. 375
PASS PATTERN NO. 376
PASS PATTERN NO. 377
PASS PATTERN NO. 378
PASS PATTERN NO. 379
PASS PATTERN NO. 380
PASS PATTERN NO. 381
PASS PATTERN NO. 382
PASS PATTERN NO. 383
PASS PATTERN NO. 384
PASS PATTERN NO. 385
PASS PATTERN NO. 386
PASS PATTERN NO. 387
PASS PATTERN NO. 388
PASS PATTERN NO. 389
PASS PATTERN NO. 390
PASS PATTERN NO. 391
PASS PATTERN NO. 392
PASS PATTERN NO. 393
PASS PATTERN NO. 394
PASS PATTERN NO. 395
PASS PATTERN NO. 396
PASS PATTERN NO. 397
PASS PATTERN NO. 398
PASS PATTERN NO. 399
PASS PATTERN NO. 400
PASS PATTERN NO. 401
PASS PATTERN NO. 402
PASS PATTERN NO. 403
PASS PATTERN NO. 404
PASS PATTERN NO. 405
PASS PATTERN NO. 406
PASS PATTERN NO. 407
PASS PATTERN NO. 408
PASS PATTERN NO. 409
PASS PATTERN NO. 410
PASS PATTERN NO. 411
PASS PATTERN NO. 412
PASS PATTERN NO. 413
PASS PATTERN NO. 414
PASS PATTERN NO. 415
PASS PATTERN NO. 416
PASS PATTERN NO. 417
PASS PATTERN NO. 418
PASS PATTERN NO. 419
PASS PATTERN NO. 420
PASS PATTERN NO. 421
PASS PATTERN NO. 422
PASS PATTERN NO. 423
PASS PATTERN NO. 424
PASS PATTERN NO. 425
PASS PATTERN NO. 426
PASS PATTERN NO. 427
PASS PATTERN NO. 428
PASS PATTERN NO. 429
PASS PATTERN NO. 430
PASS PATTERN NO. 431
PASS PATTERN NO. 432
PASS PATTERN NO. 433
PASS PATTERN NO. 434
PASS PATTERN NO. 435
PASS PATTERN NO. 436
PASS PATTERN NO. 437
PASS PATTERN NO. 438
PASS PATTERN NO. 439
PASS PATTERN NO. 440
PASS PATTERN NO. 441
PASS PATTERN NO. 442
PASS PATTERN NO. 443
PASS PATTERN NO. 444
PASS PATTERN NO. 445
PASS PATTERN NO. 446
PASS PATTERN NO. 447
PASS PATTERN NO. 448
PASS PATTERN NO. 449
PASS PATTERN NO. 450
PASS PATTERN NO. 451
PASS PATTERN NO. 452
PASS PATTERN NO. 453
PASS PATTERN NO. 454
PASS PATTERN NO. 455
PASS PATTERN NO. 456
PASS PATTERN NO. 457
PASS PATTERN NO. 458
PASS PATTERN NO. 459
PASS PATTERN NO. 460
PASS PATTERN NO. 461
PASS PATTERN NO. 462
PASS PATTERN NO. 463
PASS PATTERN NO. 464
PASS PATTERN NO. 465
PASS PATTERN NO. 466
PASS PATTERN NO. 467
PASS PATTERN NO. 468
PASS PATTERN NO. 469
PASS PATTERN NO. 470
PASS PATTERN NO. 471
PASS PATTERN NO. 472
PASS PATTERN NO. 473
PASS PATTERN NO. 474
PASS PATTERN NO. 475
PASS PATTERN NO. 476
PASS PATTERN NO. 477
PASS PATTERN NO. 478
PASS PATTERN NO. 479
PASS PATTERN NO. 480
PASS PATTERN NO. 481
PASS PATTERN NO. 482
PASS PATTERN NO. 483
PASS PATTERN NO. 484
PASS PATTERN NO. 485
PASS PATTERN NO. 486
PASS PATTERN NO. 487
PASS PATTERN NO. 488
PASS PATTERN NO. 489
PASS PATTERN NO. 490
PASS PATTERN NO. 491
PASS PATTERN NO. 492
PASS PATTERN NO. 493
PASS PATTERN NO. 494
PASS PATTERN NO. 495
PASS PATTERN NO. 496
PASS PATTERN NO. 497
PASS PATTERN NO. 498
PASS PATTERN NO. 499
PASS PATTERN NO. 500
PASS PATTERN NO. 501
PASS PATTERN NO. 502
PASS PATTERN NO. 503
PASS PATTERN NO. 504
PASS PATTERN NO. 505
PASS PATTERN NO. 506
PASS PATTERN NO. 507
PASS PATTERN NO. 508
PASS PATTERN NO. 509
PASS PATTERN NO. 510
PASS PATTERN NO. 511
PASS PATTERN NO. 512
PASS PATTERN NO. 513
PASS PATTERN NO. 514
PASS PATTERN NO. 515
PASS PATTERN NO. 516
PASS PATTERN NO. 517
PASS PATTERN NO. 518
PASS PATTERN NO. 519
PASS PATTERN NO. 520
PASS PATTERN NO. 521
PASS PATTERN NO. 522
PASS PATTERN NO. 523
PASS PATTERN NO. 524
PASS PATTERN NO. 525
PASS PATTERN NO. 526
PASS PATTERN NO. 527
PASS PATTERN NO. 528
PASS PATTERN NO. 529
PASS PATTERN NO. 530
PASS PATTERN NO. 531
PASS PATTERN NO. 532
PASS PATTERN NO. 533
PASS PATTERN NO. 534
PASS PATTERN NO. 535
PASS PATTERN NO. 536
PASS PATTERN NO. 537
PASS PATTERN NO. 538
PASS PATTERN NO. 539
PASS PATTERN NO. 540
PASS PATTERN NO. 541
PASS PATTERN NO. 542
PASS PATTERN NO. 543
PASS PATTERN NO. 544
PASS PATTERN NO. 545
PASS PATTERN NO. 546
PASS PATTERN NO. 547
PASS PATTERN NO. 548
PASS PATTERN NO. 549
PASS PATTERN NO. 550
PASS PATTERN NO. 551
PASS PATTERN NO. 552
PASS PATTERN NO. 553
PASS PATTERN NO. 554
PASS PATTERN NO. 555
PASS PATTERN NO. 556
PASS PATTERN NO. 557
PASS PATTERN NO. 558
PASS PATTERN NO. 559
PASS PATTERN NO. 560
PASS PATTERN NO. 561
PASS PATTERN NO. 562
PASS PATTERN NO. 563
PASS PATTERN NO. 564
PASS PATTERN NO. 565
PASS PATTERN NO. 566
PASS PATTERN NO. 567
PASS PATTERN NO. 568
PASS PATTERN NO. 569
PASS PATTERN NO. 570
PASS PATTERN NO. 571
PASS PATTERN NO. 572
PASS PATTERN NO. 573
PASS PATTERN NO. 574
PASS PATTERN NO. 575
PASS PATTERN NO. 576
PASS PATTERN NO. 577
PASS PATTERN NO. 578
PASS PATTERN NO. 579
PASS PATTERN NO. 580
PASS PATTERN NO. 581
PASS PATTERN NO. 582
PASS PATTERN NO. 583
PASS PATTERN NO. 584
PASS PATTERN NO. 585
PASS PATTERN NO. 586
PASS PATTERN NO. 587
PASS PATTERN NO. 588
PASS PATTERN NO. 589
PASS PATTERN NO. 590
PASS PATTERN NO. 591
PASS PATTERN NO. 592
PASS PATTERN NO. 593
PASS PATTERN NO. 594
PASS PATTERN NO. 595
PASS PATTERN NO. 596
PASS PATTERN NO. 597
PASS PATTERN NO. 598
PASS PATTERN NO. 599
PASS PATTERN NO. 600
PASS PATTERN NO. 601
PASS PATTERN NO. 602
PASS PATTERN NO. 603
PASS PATTERN NO. 604
PASS PATTERN NO. 605
PASS PATTERN NO. 606
PASS PATTERN NO. 607
PASS PATTERN NO. 608
PASS PATTERN NO. 609
PASS PATTERN NO. 610
PASS PATTERN NO. 611
PASS PATTERN NO. 612
PASS PATTERN NO. 613
PASS PATTERN NO. 614
PASS PATTERN NO. 615
PASS PATTERN NO. 616
PASS PATTERN NO. 617
PASS PATTERN NO. 618
PASS PATTERN NO. 619
PASS PATTERN NO. 620
PASS PATTERN NO. 621
PASS PATTERN NO. 622
PASS PATTERN NO. 623
PASS PATTERN NO. 624
PASS PATTERN NO. 625
PASS PATTERN NO. 626
PASS PATTERN NO. 627
PASS PATTERN NO. 628
PASS PATTERN NO. 629
PASS PATTERN NO. 630
PASS PATTERN NO. 631
PASS PATTERN NO. 632
PASS PATTERN NO. 633
PASS PATTERN NO. 634
PASS PATTERN NO. 635
PASS PATTERN NO. 636
PASS PATTERN NO. 637
PASS PATTERN NO. 638
PASS PATTERN NO. 639
PASS PATTERN NO. 640
PASS PATTERN NO. 641
PASS PATTERN NO. 642
PASS PATTERN NO. 643
PASS PATTERN NO. 644
PASS PATTERN NO. 645
PASS PATTERN NO. 646
PASS PATTERN NO. 647
PASS PATTERN NO. 648
PASS PATTERN NO. 649
PASS PATTERN NO. 650
PASS PATTERN NO. 651
PASS PATTERN NO. 652
PASS PATTERN NO. 653
PASS PATTERN NO. 654
PASS PATTERN NO. 655
PASS PATTERN NO. 656
PASS PATTERN NO. 657
PASS PATTERN NO. 658
PASS PATTERN NO. 659
PASS PATTERN NO. 660
PASS PATTERN NO. 661
PASS PATTERN NO. 662
PASS PATTERN NO. 663
PASS PATTERN NO. 664
PASS PATTERN NO. 665
PASS PATTERN NO. 666
PASS PATTERN NO. 667
PASS PATTERN NO. 668
PASS PATTERN NO. 669
PASS PATTERN NO. 670
PASS PATTERN NO. 671
PASS PATTERN NO. 672
PASS PATTERN NO. 673
PASS PATTERN NO. 674
PASS PATTERN NO. 675
PASS PATTERN NO. 676
PASS PATTERN NO. 677
PASS PATTERN NO. 678
PASS PATTERN NO. 679
PASS PATTERN NO. 680
PASS PATTERN NO. 681
PASS PATTERN NO. 682
PASS PATTERN NO. 683
PASS PATTERN NO. 684
PASS PATTERN NO. 685
PASS PATTERN NO. 686
PASS PATTERN NO. 687
PASS PATTERN NO. 688
PASS PATTERN NO. 689
PASS PATTERN NO. 690
PASS PATTERN NO. 691
PASS PATTERN NO. 692
PASS PATTERN NO. 693
PASS PATTERN NO. 694
PASS PATTERN NO. 695
PASS PATTERN NO. 696
PASS PATTERN NO. 697
PASS PATTERN NO. 698
PASS PATTERN NO. 699
PASS PATTERN NO. 700
PASS PATTERN NO. 701
PASS PATTERN NO. 702
PASS PATTERN NO. 703
PASS PATTERN NO. 704
PASS PATTERN NO. 705
PASS PATTERN NO. 706
PASS PATTERN NO. 707
PASS PATTERN NO. 708
PASS PATTERN NO. 709
PASS PATTERN NO. 710
PASS PATTERN NO. 711
PASS PATTERN NO. 712
PASS PATTERN NO. 713
PASS PATTERN NO. 714
PASS PATTERN NO. 715
PASS PATTERN NO. 716
PASS PATTERN NO. 717
PASS PATTERN NO. 718
PASS PATTERN NO. 719
PASS PATTERN NO. 720
PASS PATTERN NO. 721
PASS PATTERN NO. 722
PASS PATTERN NO. 723
PASS PATTERN NO. 724
PASS PATTERN NO. 725
PASS PATTERN NO. 726
PASS PATTERN NO. 727
PASS PATTERN NO. 728
PASS PATTERN NO. 729
PASS PATTERN NO. 730
PASS PATTERN NO. 731
PASS PATTERN NO. 732
PASS PATTERN NO. 733
PASS PATTERN NO. 734
PASS PATTERN NO. 735
PASS PATTERN NO. 736
PASS PATTERN NO. 737
PASS PATTERN NO. 738
PASS PATTERN NO. 739
PASS PATTERN NO. 740
PASS PATTERN NO. 741
PASS PATTERN NO. 742
PASS PATTERN NO. 743
PASS PATTERN NO. 744
PASS PATTERN NO. 745
PASS PATTERN NO. 746
PASS PATTERN NO. 747
PASS PATTERN NO. 748
PASS PATTERN NO. 749
PASS PATTERN NO. 750
PASS PATTERN NO. 751
PASS PATTERN NO. 752
PASS PATTERN NO. 753
PASS PATTERN NO. 754
PASS PATTERN NO. 755
PASS PATTERN NO. 756
PASS PATTERN NO. 757
PASS PATTERN NO. 758
PASS PATTERN NO. 759
PASS PATTERN NO. 760
PASS PATTERN NO. 761
PASS PATTERN NO. 762
PASS PATTERN NO. 763
PASS PATTERN NO. 764
PASS PATTERN NO. 765
PASS PATTERN NO. 766
PASS PATTERN NO. 767
PASS PATTERN NO. 768
PASS PATTERN NO. 769
PASS PATTERN NO. 770
PASS PATTERN NO. 771
PASS PATTERN NO. 772
PASS PATTERN NO. 773
PASS PATTERN NO. 774
PASS PATTERN NO. 775
PASS PATTERN NO. 776
PASS PATTERN NO. 777
PASS PATTERN NO. 778
PASS PATTERN NO. 779
PASS PATTERN NO. 780
PASS PATTERN NO. 781
PASS PATTERN NO. 782
PASS PATTERN NO. 783
PASS PATTERN NO. 784
PASS PATTERN NO. 785
PASS PATTERN NO. 786
PASS PATTERN NO. 787
PASS PATTERN NO. 788
PASS PATTERN NO. 789
PASS PATTERN NO. 790
PASS PATTERN NO. 791
PASS PATTERN NO. 792
PASS PATTERN NO. 793
PASS PATTERN NO. 794
PASS PATTERN NO. 795
PASS PATTERN NO. 796
PASS PATTERN NO. 797
PASS PATTERN NO. 798
PASS PATTERN NO. 799
PASS PATTERN NO. 800
PASS PATTERN NO. 801
PASS PATTERN NO. 802
PASS PATTERN NO. 803
PASS PATTERN NO. 804
PASS PATTERN NO. 805
PASS PATTERN NO. 806
PASS PATTERN NO. 807
PASS PATTERN NO. 808
PASS PATTERN NO. 809
PASS PATTERN NO. 810
PASS PATTERN NO. 811
PASS PATTERN NO. 812
PASS PATTERN NO. 813
PASS PATTERN NO. 814
PASS PATTERN NO. 815
PASS PATTERN NO. 816
PASS PATTERN NO. 817
PASS PATTERN NO. 818
PASS PATTERN NO. 819
PASS PATTERN NO. 820
PASS PATTERN NO. 821
PASS PATTERN NO. 822
PASS PATTERN NO. 823
PASS PATTERN NO. 824
PASS PATTERN NO. 825
PASS PATTERN NO. 826
PASS PATTERN NO. 827
PASS PATTERN NO. 828
PASS PATTERN NO. 829
PASS PATTERN NO. 830
PASS PATTERN NO. 831
PASS PATTERN NO. 832
PASS PATTERN NO. 833
PASS PATTERN NO. 834
PASS PATTERN NO. 835
PASS PATTERN NO. 836
PASS PATTERN NO. 837
PASS PATTERN NO. 838
PASS PATTERN NO. 839
PASS PATTERN NO. 840
PASS PATTERN NO. 841
PASS PATTERN NO. 842
PASS PATTERN NO. 843
PASS PATTERN NO. 844
PASS PATTERN NO. 845
PASS PATTERN NO. 846
PASS PATTERN NO. 847
PASS PATTERN NO. 848
PASS PATTERN NO. 849
PASS PATTERN NO. 850
PASS PATTERN NO. 851
PASS PATTERN NO. 852
PASS PATTERN NO. 853
PASS PATTERN NO. 854
PASS PATTERN NO. 855
PASS PATTERN NO. 856
PASS PATTERN NO. 857
PASS PATTERN NO. 858
PASS PATTERN NO. 859
PASS PATTERN NO. 860
PASS PATTERN NO. 861
PASS PATTERN NO. 862
PASS PATTERN NO. 863
PASS PATTERN NO. 864
PASS PATTERN NO. 865
PASS PATTERN NO. 866
PASS PATTERN NO. 867
PASS PATTERN NO. 868
PASS PATTERN NO. 869
PASS PATTERN NO. 870
PASS PATTERN NO. 871
PASS PATTERN NO. 872
PASS PATTERN NO. 873
PASS PATTERN NO. 874
PASS PATTERN NO. 875
PASS PATTERN NO. 876
PASS PATTERN NO. 877
PASS PATTERN NO. 878
PASS PATTERN NO. 879
PASS PATTERN NO. 880
PASS PATTERN NO. 881
PASS PATTERN NO. 882
PASS PATTERN NO. 883
PASS PATTERN NO. 884
PASS PATTERN NO. 885
PASS PATTERN NO. 886
PASS PATTERN NO. 887
PASS PATTERN NO. 888
PASS PATTERN NO. 889
PASS PATTERN NO. 890
PASS PATTERN NO. 891
PASS PATTERN NO. 892
PASS PATTERN NO. 893
PASS PATTERN NO. 894
PASS PATTERN NO. 895
PASS PATTERN NO. 896
PASS PATTERN NO. 897
PASS PATTERN NO. 898
PASS PATTERN NO. 899
PASS PATTERN NO. 900
PASS PATTERN NO. 901
PASS PATTERN NO. 902
PASS PATTERN NO. 903
PASS PATTERN NO. 904
PASS PATTERN NO. 905
PASS PATTERN NO. 906
PASS PATTERN NO. 907
PASS PATTERN NO. 908
PASS PATTERN NO. 909
PASS PATTERN NO. 910
PASS PATTERN NO. 911
PASS PATTERN NO. 912
PASS PATTERN NO. 913
PASS PATTERN NO. 914
PASS PATTERN NO. 915
PASS PATTERN NO. 916
PASS PATTERN NO. 917
PASS PATTERN NO. 918
PASS PATTERN NO. 919
PASS PATTERN NO. 920
PASS PATTERN NO. 921
PASS PATTERN NO. 922
PASS PATTERN NO. 923
PASS PATTERN NO. 924
PASS PATTERN NO. 925
PASS PATTERN NO. 926
PASS PATTERN NO. 927
PASS PATTERN NO. 928
PASS PATTERN NO. 929
PASS PATTERN NO. 930
PASS PATTERN NO. 931
PASS PATTERN NO. 932
PASS PATTERN NO. 933
PASS PATTERN NO. 934
PASS PATTERN NO. 935
PASS PATTERN NO. 936
PASS PATTERN NO. 937
PASS PATTERN NO. 938
PASS PATTERN NO. 939
PASS PATTERN NO. 940
PASS PATTERN NO. 941
PASS PATTERN NO. 942
PASS PATTERN NO. 943
PASS PATTERN NO. 944
PASS PATTERN NO. 945
PASS PATTERN NO. 946
PASS PATTERN NO. 947
PASS PATTERN NO. 948
PASS PATTERN NO. 949
PASS PATTERN NO. 950
PASS PATTERN NO. 951
PASS PATTERN NO. 952
PASS PATTERN NO. 953
PASS PATTERN NO. 954
PASS PATTERN NO. 955
PASS PATTERN NO. 956
PASS PATTERN NO. 957
PASS PATTERN NO. 958
PASS PATTERN NO. 959
PASS PATTERN NO. 960
PASS PATTERN NO. 961
PASS PATTERN NO. 962
PASS PATTERN NO. 963
PASS PATTERN NO. 964
PASS PATTERN NO. 965
PASS PATTERN NO. 966
PASS PATTERN NO. 967
PASS PATTERN NO. 968
PASS PATTERN NO. 969
PASS PATTERN NO. 970
PASS PATTERN NO. 971
PASS PATTERN NO. 972
PASS PATTERN NO. 973
PASS PATTERN NO. 974
PASS PATTERN NO. 975
PASS PATTERN NO. 976
PASS PATTERN NO. 977
PASS PATTERN NO. 978
PASS PATTERN NO. 979
PASS PATTERN NO. 980
PASS PATTERN NO. 981
PASS PATTERN NO. 982
PASS PATTERN NO. 983
PASS PATTERN NO. 984
PASS PATTERN NO. 985
PASS PATTERN NO. 986
PASS PATTERN NO. 987
PASS PATTERN NO. 988
PASS PATTERN NO. 989
PASS PATTERN NO. 990
PASS PATTERN NO. 991
PASS PATTERN NO. 992
PASS PATTERN NO. 993
PASS PATTERN NO. 994
PASS PATTERN NO. 995
PASS PATTERN NO. 996
PASS PATTERN NO. 997
PASS PATTERN NO. 998
PASS PATTERN NO. 999
PASS PATTERN NO.1000
*************************************************************************
*                         Congratulations!                              *
*                Your execution cycles = 290679 cycles          *
*                Your clock period = 40.0 ns          *
*                Total Latency = 11627160.0 ns          *
*************************************************************************
$finish called from file "PATTERN.v", line 290.
$finish at simulation time          12067300000
           V C S   S i m u l a t i o n   R e p o r t 
Time: 12067300000 ps
CPU Time:      8.180 seconds;       Data structure size:   2.8Mb
Mon Jan 22 14:33:23 2024
CPU time: 1.086 seconds to compile + .346 seconds to elab + .870 seconds to link + 8.244 seconds in simulation
