Command: vcs -timescale=1ns/1fs -j8 -sverilog +v2k -full64 -Mupdate -R -debug_access+all \
-y /usr/cad/synopsys/synthesis/cur/dw/sim_ver/ +libext+.v -f filelist.f -o simv -l \
vcs.log -P /usr/cad/synopsys/verdi/2019.06//share/PLI/VCS/linux64/novas.tab /usr/cad/synopsys/verdi/2019.06//share/PLI/VCS/linux64/pli.a \
+define+RTL +notimingchecks
*** Using c compiler gcc instead of cc ...
                         Chronologic VCS (TM)
         Version T-2022.06_Full64 -- Wed Nov  1 18:21:12 2023

                    Copyright (c) 1991 - 2022 Synopsys, Inc.
   This software and the associated documentation are proprietary to Synopsys,
 Inc. This software may only be used in accordance with the terms and conditions
 of a written license agreement with Synopsys, Inc. All other use, reproduction,
   or distribution of this software is strictly prohibited.  Licensed Products
     communicate with Synopsys servers for the purpose of providing software
    updates, detecting software piracy and verifying that customers are using
    Licensed Products in conformity with the applicable License Key for such
  Licensed Products. Synopsys will use information gathered in connection with
    this process to deliver software updates and pursue software pirates and
                                   infringers.

 Inclusivity & Diversity - Visit SolvNetPlus to read the "Synopsys Statement on
            Inclusivity and Diversity" (Refer to article 000036315 at
                        https://solvnetplus.synopsys.com)

Parsing design file 'TESTBED.v'
Parsing included file 'PATTERN.v'.

Warning-[IPDW] Identifier previously declared
PATTERN.v, 34



Warning-[RVOSFD] Return value discarded
PATTERN.v, 34



Warning-[RVOSFD] Return value discarded
PATTERN.v, 34


Back to file 'TESTBED.v'.
Parsing included file 'HT_TOP.v'.
Back to file 'TESTBED.v'.
Parsing included file 'SORT_IP.v'.
Back to file 'TESTBED.v'.
Top Level Modules:
       TESTBED
TimeScale is 1 ns / 1 ps
Starting vcs inline pass...


Note-[VCS_PARAL] Parallel code-gen enabled
  VCS is running with parallel code generation(-j)...

1 module and 0 UDP read.
recompiling module TESTBED
make[1]: Entering directory `/RAID2/COURSE/iclab/iclab129/Lab06/Exercise/01_RTL/csrc' \

rm -f _cuarc*.so _csrc*.so pre_vcsobj_*.so share_vcsobj_*.so
if [ -x ../simv ]; then chmod a-x ../simv; fi
g++  -o ../simv      -rdynamic  -Wl,-rpath='$ORIGIN'/simv.daidir -Wl,-rpath=./simv.daidir \
-Wl,-rpath=/usr/cad/synopsys/vcs/2022.06/linux64/lib -L/usr/cad/synopsys/vcs/2022.06/linux64/lib \
-Wl,-rpath-link=./  /usr/lib64/libnuma.so.1   objs/amcQw_d.o   _164017_archive_1.so \
_164045_archive_1.so  SIM_l.o      rmapats_mop.o rmapats.o rmar.o rmar_nd.o  rmar_llvm_0_1.o \
rmar_llvm_0_0.o           -lvirsim -lerrorinf -lsnpsmalloc -lvfs /usr/cad/synopsys/verdi/2019.06//share/PLI/VCS/linux64/pli.a \
-lvcsnew -lsimprofile -luclinative /usr/cad/synopsys/vcs/2022.06/linux64/lib/vcs_tls.o \
-Wl,-whole-archive  -lvcsucli    -Wl,-no-whole-archive        _vcs_pli_stub_.o   \
/usr/cad/synopsys/vcs/2022.06/linux64/lib/vcs_save_restore_new.o /usr/cad/synopsys/verdi/2019.06//share/PLI/VCS/LINUX64/pli.a \
-ldl -lm  -lc -lpthread -ldl 
../simv up to date
make[1]: Leaving directory `/RAID2/COURSE/iclab/iclab129/Lab06/Exercise/01_RTL/csrc' \

Command: /RAID2/COURSE/iclab/iclab129/Lab06/Exercise/01_RTL/./simv +v2k +libext+.v -a vcs.log +define+RTL +notimingchecks
Chronologic VCS simulator copyright 1991-2022
Contains Synopsys proprietary information.
Compiler version T-2022.06_Full64; Runtime version T-2022.06_Full64;  Nov  1 18:21 2023
*Verdi* Loading libsscore_vcs201906.so
FSDB Dumper for VCS, Release Verdi_P-2019.06, Linux x86_64/64bit, 05/26/2019
(C) 1996 - 2019 by Synopsys, Inc.
***********************************************************************
*  ERROR -                                                            *
*  The simulator version is newer than the FSDB dumper version which  *
*  may cause abnormal behavior, please contact Synopsys support for   *
*  assistance.                                                        *
***********************************************************************
*Verdi* : Create FSDB file 'HT_TOP.fsdb'
*Verdi* : Begin traversing the scopes, layer (0).
*Verdi* : Enable +mda dumping.
*Verdi* : End of traversing.
PASS PATTERN NO.   0
PASS PATTERN NO.   1
PASS PATTERN NO.   2
PASS PATTERN NO.   3
PASS PATTERN NO.   4
PASS PATTERN NO.   5
PASS PATTERN NO.   6
PASS PATTERN NO.   7
PASS PATTERN NO.   8
PASS PATTERN NO.   9
PASS PATTERN NO.  10
PASS PATTERN NO.  11
PASS PATTERN NO.  12
PASS PATTERN NO.  13
PASS PATTERN NO.  14
PASS PATTERN NO.  15
PASS PATTERN NO.  16
PASS PATTERN NO.  17
PASS PATTERN NO.  18
PASS PATTERN NO.  19
PASS PATTERN NO.  20
PASS PATTERN NO.  21
PASS PATTERN NO.  22
PASS PATTERN NO.  23
PASS PATTERN NO.  24
PASS PATTERN NO.  25
PASS PATTERN NO.  26
PASS PATTERN NO.  27
PASS PATTERN NO.  28
PASS PATTERN NO.  29
PASS PATTERN NO.  30
PASS PATTERN NO.  31
PASS PATTERN NO.  32
PASS PATTERN NO.  33
PASS PATTERN NO.  34
PASS PATTERN NO.  35
PASS PATTERN NO.  36
PASS PATTERN NO.  37
PASS PATTERN NO.  38
PASS PATTERN NO.  39
PASS PATTERN NO.  40
PASS PATTERN NO.  41
PASS PATTERN NO.  42
PASS PATTERN NO.  43
PASS PATTERN NO.  44
PASS PATTERN NO.  45
PASS PATTERN NO.  46
PASS PATTERN NO.  47
PASS PATTERN NO.  48
PASS PATTERN NO.  49
PASS PATTERN NO.  50
PASS PATTERN NO.  51
PASS PATTERN NO.  52
PASS PATTERN NO.  53
PASS PATTERN NO.  54
PASS PATTERN NO.  55
PASS PATTERN NO.  56
PASS PATTERN NO.  57
PASS PATTERN NO.  58
PASS PATTERN NO.  59
PASS PATTERN NO.  60
PASS PATTERN NO.  61
PASS PATTERN NO.  62
PASS PATTERN NO.  63
PASS PATTERN NO.  64
PASS PATTERN NO.  65
PASS PATTERN NO.  66
PASS PATTERN NO.  67
PASS PATTERN NO.  68
PASS PATTERN NO.  69
PASS PATTERN NO.  70
PASS PATTERN NO.  71
PASS PATTERN NO.  72
PASS PATTERN NO.  73
PASS PATTERN NO.  74
PASS PATTERN NO.  75
PASS PATTERN NO.  76
PASS PATTERN NO.  77
PASS PATTERN NO.  78
PASS PATTERN NO.  79
PASS PATTERN NO.  80
PASS PATTERN NO.  81
PASS PATTERN NO.  82
PASS PATTERN NO.  83
PASS PATTERN NO.  84
PASS PATTERN NO.  85
PASS PATTERN NO.  86
PASS PATTERN NO.  87
PASS PATTERN NO.  88
PASS PATTERN NO.  89
PASS PATTERN NO.  90
PASS PATTERN NO.  91
PASS PATTERN NO.  92
PASS PATTERN NO.  93
PASS PATTERN NO.  94
PASS PATTERN NO.  95
PASS PATTERN NO.  96
PASS PATTERN NO.  97
PASS PATTERN NO.  98
PASS PATTERN NO.  99
PASS PATTERN NO. 100
PASS PATTERN NO. 101
PASS PATTERN NO. 102
PASS PATTERN NO. 103
PASS PATTERN NO. 104
PASS PATTERN NO. 105
PASS PATTERN NO. 106
PASS PATTERN NO. 107
PASS PATTERN NO. 108
PASS PATTERN NO. 109
PASS PATTERN NO. 110
PASS PATTERN NO. 111
PASS PATTERN NO. 112
PASS PATTERN NO. 113
PASS PATTERN NO. 114
PASS PATTERN NO. 115
PASS PATTERN NO. 116
PASS PATTERN NO. 117
PASS PATTERN NO. 118
PASS PATTERN NO. 119
PASS PATTERN NO. 120
PASS PATTERN NO. 121
PASS PATTERN NO. 122
PASS PATTERN NO. 123
PASS PATTERN NO. 124
PASS PATTERN NO. 125
PASS PATTERN NO. 126
PASS PATTERN NO. 127
PASS PATTERN NO. 128
PASS PATTERN NO. 129
PASS PATTERN NO. 130
PASS PATTERN NO. 131
PASS PATTERN NO. 132
PASS PATTERN NO. 133
PASS PATTERN NO. 134
PASS PATTERN NO. 135
PASS PATTERN NO. 136
PASS PATTERN NO. 137
PASS PATTERN NO. 138
PASS PATTERN NO. 139
PASS PATTERN NO. 140
PASS PATTERN NO. 141
PASS PATTERN NO. 142
PASS PATTERN NO. 143
PASS PATTERN NO. 144
PASS PATTERN NO. 145
PASS PATTERN NO. 146
PASS PATTERN NO. 147
PASS PATTERN NO. 148
PASS PATTERN NO. 149
PASS PATTERN NO. 150
PASS PATTERN NO. 151
PASS PATTERN NO. 152
PASS PATTERN NO. 153
PASS PATTERN NO. 154
PASS PATTERN NO. 155
PASS PATTERN NO. 156
PASS PATTERN NO. 157
PASS PATTERN NO. 158
PASS PATTERN NO. 159
PASS PATTERN NO. 160
PASS PATTERN NO. 161
PASS PATTERN NO. 162
PASS PATTERN NO. 163
PASS PATTERN NO. 164
PASS PATTERN NO. 165
PASS PATTERN NO. 166
PASS PATTERN NO. 167
PASS PATTERN NO. 168
PASS PATTERN NO. 169
PASS PATTERN NO. 170
PASS PATTERN NO. 171
PASS PATTERN NO. 172
PASS PATTERN NO. 173
PASS PATTERN NO. 174
PASS PATTERN NO. 175
PASS PATTERN NO. 176
PASS PATTERN NO. 177
PASS PATTERN NO. 178
PASS PATTERN NO. 179
PASS PATTERN NO. 180
PASS PATTERN NO. 181
PASS PATTERN NO. 182
PASS PATTERN NO. 183
PASS PATTERN NO. 184
PASS PATTERN NO. 185
PASS PATTERN NO. 186
PASS PATTERN NO. 187
PASS PATTERN NO. 188
PASS PATTERN NO. 189
PASS PATTERN NO. 190
PASS PATTERN NO. 191
PASS PATTERN NO. 192
PASS PATTERN NO. 193
PASS PATTERN NO. 194
PASS PATTERN NO. 195
PASS PATTERN NO. 196
PASS PATTERN NO. 197
PASS PATTERN NO. 198
PASS PATTERN NO. 199
PASS PATTERN NO. 200
PASS PATTERN NO. 201
PASS PATTERN NO. 202
PASS PATTERN NO. 203
PASS PATTERN NO. 204
PASS PATTERN NO. 205
PASS PATTERN NO. 206
PASS PATTERN NO. 207
PASS PATTERN NO. 208
PASS PATTERN NO. 209
PASS PATTERN NO. 210
PASS PATTERN NO. 211
PASS PATTERN NO. 212
PASS PATTERN NO. 213
PASS PATTERN NO. 214
PASS PATTERN NO. 215
PASS PATTERN NO. 216
PASS PATTERN NO. 217
PASS PATTERN NO. 218
PASS PATTERN NO. 219
PASS PATTERN NO. 220
PASS PATTERN NO. 221
PASS PATTERN NO. 222
PASS PATTERN NO. 223
PASS PATTERN NO. 224
PASS PATTERN NO. 225
PASS PATTERN NO. 226
PASS PATTERN NO. 227
PASS PATTERN NO. 228
PASS PATTERN NO. 229
PASS PATTERN NO. 230
PASS PATTERN NO. 231
PASS PATTERN NO. 232
PASS PATTERN NO. 233
PASS PATTERN NO. 234
PASS PATTERN NO. 235
PASS PATTERN NO. 236
PASS PATTERN NO. 237
PASS PATTERN NO. 238
PASS PATTERN NO. 239
PASS PATTERN NO. 240
PASS PATTERN NO. 241
PASS PATTERN NO. 242
PASS PATTERN NO. 243
PASS PATTERN NO. 244
PASS PATTERN NO. 245
PASS PATTERN NO. 246
PASS PATTERN NO. 247
PASS PATTERN NO. 248
PASS PATTERN NO. 249
PASS PATTERN NO. 250
PASS PATTERN NO. 251
PASS PATTERN NO. 252
PASS PATTERN NO. 253
PASS PATTERN NO. 254
PASS PATTERN NO. 255
PASS PATTERN NO. 256
PASS PATTERN NO. 257
PASS PATTERN NO. 258
PASS PATTERN NO. 259
PASS PATTERN NO. 260
PASS PATTERN NO. 261
PASS PATTERN NO. 262
PASS PATTERN NO. 263
PASS PATTERN NO. 264
PASS PATTERN NO. 265
PASS PATTERN NO. 266
PASS PATTERN NO. 267
PASS PATTERN NO. 268
PASS PATTERN NO. 269
PASS PATTERN NO. 270
PASS PATTERN NO. 271
PASS PATTERN NO. 272
PASS PATTERN NO. 273
PASS PATTERN NO. 274
PASS PATTERN NO. 275
PASS PATTERN NO. 276
PASS PATTERN NO. 277
PASS PATTERN NO. 278
PASS PATTERN NO. 279
PASS PATTERN NO. 280
PASS PATTERN NO. 281
PASS PATTERN NO. 282
PASS PATTERN NO. 283
PASS PATTERN NO. 284
PASS PATTERN NO. 285
PASS PATTERN NO. 286
PASS PATTERN NO. 287
PASS PATTERN NO. 288
PASS PATTERN NO. 289
PASS PATTERN NO. 290
PASS PATTERN NO. 291
PASS PATTERN NO. 292
PASS PATTERN NO. 293
PASS PATTERN NO. 294
PASS PATTERN NO. 295
PASS PATTERN NO. 296
PASS PATTERN NO. 297
PASS PATTERN NO. 298
PASS PATTERN NO. 299
PASS PATTERN NO. 300
PASS PATTERN NO. 301
PASS PATTERN NO. 302
PASS PATTERN NO. 303
PASS PATTERN NO. 304
PASS PATTERN NO. 305
PASS PATTERN NO. 306
PASS PATTERN NO. 307
PASS PATTERN NO. 308
PASS PATTERN NO. 309
PASS PATTERN NO. 310
PASS PATTERN NO. 311
PASS PATTERN NO. 312
PASS PATTERN NO. 313
PASS PATTERN NO. 314
PASS PATTERN NO. 315
PASS PATTERN NO. 316
PASS PATTERN NO. 317
PASS PATTERN NO. 318
PASS PATTERN NO. 319
PASS PATTERN NO. 320
PASS PATTERN NO. 321
PASS PATTERN NO. 322
PASS PATTERN NO. 323
PASS PATTERN NO. 324
PASS PATTERN NO. 325
PASS PATTERN NO. 326
PASS PATTERN NO. 327
PASS PATTERN NO. 328
PASS PATTERN NO. 329
PASS PATTERN NO. 330
PASS PATTERN NO. 331
PASS PATTERN NO. 332
PASS PATTERN NO. 333
PASS PATTERN NO. 334
PASS PATTERN NO. 335
PASS PATTERN NO. 336
PASS PATTERN NO. 337
PASS PATTERN NO. 338
PASS PATTERN NO. 339
PASS PATTERN NO. 340
PASS PATTERN NO. 341
PASS PATTERN NO. 342
PASS PATTERN NO. 343
PASS PATTERN NO. 344
PASS PATTERN NO. 345
PASS PATTERN NO. 346
PASS PATTERN NO. 347
PASS PATTERN NO. 348
PASS PATTERN NO. 349
PASS PATTERN NO. 350
PASS PATTERN NO. 351
PASS PATTERN NO. 352
PASS PATTERN NO. 353
PASS PATTERN NO. 354
PASS PATTERN NO. 355
PASS PATTERN NO. 356
PASS PATTERN NO. 357
PASS PATTERN NO. 358
PASS PATTERN NO. 359
PASS PATTERN NO. 360
PASS PATTERN NO. 361
PASS PATTERN NO. 362
PASS PATTERN NO. 363
PASS PATTERN NO. 364
PASS PATTERN NO. 365
PASS PATTERN NO. 366
PASS PATTERN NO. 367
PASS PATTERN NO. 368
PASS PATTERN NO. 369
PASS PATTERN NO. 370
PASS PATTERN NO. 371
PASS PATTERN NO. 372
PASS PATTERN NO. 373
PASS PATTERN NO. 374
PASS PATTERN NO. 375
PASS PATTERN NO. 376
PASS PATTERN NO. 377
PASS PATTERN NO. 378
PASS PATTERN NO. 379
PASS PATTERN NO. 380
PASS PATTERN NO. 381
PASS PATTERN NO. 382
PASS PATTERN NO. 383
PASS PATTERN NO. 384
PASS PATTERN NO. 385
PASS PATTERN NO. 386
PASS PATTERN NO. 387
PASS PATTERN NO. 388
PASS PATTERN NO. 389
PASS PATTERN NO. 390
PASS PATTERN NO. 391
PASS PATTERN NO. 392
PASS PATTERN NO. 393
PASS PATTERN NO. 394
PASS PATTERN NO. 395
PASS PATTERN NO. 396
PASS PATTERN NO. 397
PASS PATTERN NO. 398
PASS PATTERN NO. 399
PASS PATTERN NO. 400
PASS PATTERN NO. 401
PASS PATTERN NO. 402
PASS PATTERN NO. 403
PASS PATTERN NO. 404
PASS PATTERN NO. 405
PASS PATTERN NO. 406
PASS PATTERN NO. 407
PASS PATTERN NO. 408
PASS PATTERN NO. 409
PASS PATTERN NO. 410
PASS PATTERN NO. 411
PASS PATTERN NO. 412
PASS PATTERN NO. 413
PASS PATTERN NO. 414
PASS PATTERN NO. 415
PASS PATTERN NO. 416
PASS PATTERN NO. 417
PASS PATTERN NO. 418
PASS PATTERN NO. 419
PASS PATTERN NO. 420
PASS PATTERN NO. 421
PASS PATTERN NO. 422
PASS PATTERN NO. 423
PASS PATTERN NO. 424
PASS PATTERN NO. 425
PASS PATTERN NO. 426
PASS PATTERN NO. 427
PASS PATTERN NO. 428
PASS PATTERN NO. 429
PASS PATTERN NO. 430
PASS PATTERN NO. 431
PASS PATTERN NO. 432
PASS PATTERN NO. 433
PASS PATTERN NO. 434
PASS PATTERN NO. 435
PASS PATTERN NO. 436
PASS PATTERN NO. 437
PASS PATTERN NO. 438
PASS PATTERN NO. 439
PASS PATTERN NO. 440
PASS PATTERN NO. 441
PASS PATTERN NO. 442
PASS PATTERN NO. 443
PASS PATTERN NO. 444
PASS PATTERN NO. 445
PASS PATTERN NO. 446
PASS PATTERN NO. 447
PASS PATTERN NO. 448
PASS PATTERN NO. 449
PASS PATTERN NO. 450
PASS PATTERN NO. 451
PASS PATTERN NO. 452
PASS PATTERN NO. 453
PASS PATTERN NO. 454
PASS PATTERN NO. 455
PASS PATTERN NO. 456
PASS PATTERN NO. 457
PASS PATTERN NO. 458
PASS PATTERN NO. 459
PASS PATTERN NO. 460
PASS PATTERN NO. 461
PASS PATTERN NO. 462
PASS PATTERN NO. 463
PASS PATTERN NO. 464
PASS PATTERN NO. 465
PASS PATTERN NO. 466
PASS PATTERN NO. 467
PASS PATTERN NO. 468
PASS PATTERN NO. 469
PASS PATTERN NO. 470
PASS PATTERN NO. 471
PASS PATTERN NO. 472
PASS PATTERN NO. 473
PASS PATTERN NO. 474
PASS PATTERN NO. 475
PASS PATTERN NO. 476
PASS PATTERN NO. 477
PASS PATTERN NO. 478
PASS PATTERN NO. 479
PASS PATTERN NO. 480
PASS PATTERN NO. 481
PASS PATTERN NO. 482
PASS PATTERN NO. 483
PASS PATTERN NO. 484
PASS PATTERN NO. 485
PASS PATTERN NO. 486
PASS PATTERN NO. 487
PASS PATTERN NO. 488
PASS PATTERN NO. 489
PASS PATTERN NO. 490
PASS PATTERN NO. 491
PASS PATTERN NO. 492
PASS PATTERN NO. 493
PASS PATTERN NO. 494
PASS PATTERN NO. 495
PASS PATTERN NO. 496
PASS PATTERN NO. 497
PASS PATTERN NO. 498
PASS PATTERN NO. 499
PASS PATTERN NO. 500
PASS PATTERN NO. 501
PASS PATTERN NO. 502
PASS PATTERN NO. 503
PASS PATTERN NO. 504
PASS PATTERN NO. 505
PASS PATTERN NO. 506
PASS PATTERN NO. 507
PASS PATTERN NO. 508
PASS PATTERN NO. 509
PASS PATTERN NO. 510
PASS PATTERN NO. 511
PASS PATTERN NO. 512
PASS PATTERN NO. 513
PASS PATTERN NO. 514
PASS PATTERN NO. 515
PASS PATTERN NO. 516
PASS PATTERN NO. 517
PASS PATTERN NO. 518
PASS PATTERN NO. 519
PASS PATTERN NO. 520
PASS PATTERN NO. 521
PASS PATTERN NO. 522
PASS PATTERN NO. 523
PASS PATTERN NO. 524
PASS PATTERN NO. 525
PASS PATTERN NO. 526
PASS PATTERN NO. 527
PASS PATTERN NO. 528
PASS PATTERN NO. 529
PASS PATTERN NO. 530
PASS PATTERN NO. 531
PASS PATTERN NO. 532
PASS PATTERN NO. 533
PASS PATTERN NO. 534
PASS PATTERN NO. 535
PASS PATTERN NO. 536
PASS PATTERN NO. 537
PASS PATTERN NO. 538
PASS PATTERN NO. 539
PASS PATTERN NO. 540
PASS PATTERN NO. 541
PASS PATTERN NO. 542
PASS PATTERN NO. 543
PASS PATTERN NO. 544
PASS PATTERN NO. 545
PASS PATTERN NO. 546
PASS PATTERN NO. 547
PASS PATTERN NO. 548
PASS PATTERN NO. 549
PASS PATTERN NO. 550
PASS PATTERN NO. 551
PASS PATTERN NO. 552
PASS PATTERN NO. 553
PASS PATTERN NO. 554
PASS PATTERN NO. 555
PASS PATTERN NO. 556
PASS PATTERN NO. 557
PASS PATTERN NO. 558
PASS PATTERN NO. 559
PASS PATTERN NO. 560
PASS PATTERN NO. 561
PASS PATTERN NO. 562
PASS PATTERN NO. 563
PASS PATTERN NO. 564
PASS PATTERN NO. 565
PASS PATTERN NO. 566
PASS PATTERN NO. 567
PASS PATTERN NO. 568
PASS PATTERN NO. 569
PASS PATTERN NO. 570
PASS PATTERN NO. 571
PASS PATTERN NO. 572
PASS PATTERN NO. 573
PASS PATTERN NO. 574
PASS PATTERN NO. 575
PASS PATTERN NO. 576
PASS PATTERN NO. 577
PASS PATTERN NO. 578
PASS PATTERN NO. 579
PASS PATTERN NO. 580
PASS PATTERN NO. 581
PASS PATTERN NO. 582
PASS PATTERN NO. 583
PASS PATTERN NO. 584
PASS PATTERN NO. 585
PASS PATTERN NO. 586
PASS PATTERN NO. 587
PASS PATTERN NO. 588
PASS PATTERN NO. 589
PASS PATTERN NO. 590
PASS PATTERN NO. 591
PASS PATTERN NO. 592
PASS PATTERN NO. 593
PASS PATTERN NO. 594
PASS PATTERN NO. 595
PASS PATTERN NO. 596
PASS PATTERN NO. 597
PASS PATTERN NO. 598
PASS PATTERN NO. 599
PASS PATTERN NO. 600
PASS PATTERN NO. 601
PASS PATTERN NO. 602
PASS PATTERN NO. 603
PASS PATTERN NO. 604
PASS PATTERN NO. 605
PASS PATTERN NO. 606
PASS PATTERN NO. 607
PASS PATTERN NO. 608
PASS PATTERN NO. 609
PASS PATTERN NO. 610
PASS PATTERN NO. 611
PASS PATTERN NO. 612
PASS PATTERN NO. 613
PASS PATTERN NO. 614
PASS PATTERN NO. 615
PASS PATTERN NO. 616
PASS PATTERN NO. 617
PASS PATTERN NO. 618
PASS PATTERN NO. 619
PASS PATTERN NO. 620
PASS PATTERN NO. 621
PASS PATTERN NO. 622
PASS PATTERN NO. 623
PASS PATTERN NO. 624
PASS PATTERN NO. 625
PASS PATTERN NO. 626
PASS PATTERN NO. 627
PASS PATTERN NO. 628
PASS PATTERN NO. 629
PASS PATTERN NO. 630
PASS PATTERN NO. 631
PASS PATTERN NO. 632
PASS PATTERN NO. 633
PASS PATTERN NO. 634
PASS PATTERN NO. 635
PASS PATTERN NO. 636
PASS PATTERN NO. 637
PASS PATTERN NO. 638
PASS PATTERN NO. 639
PASS PATTERN NO. 640
PASS PATTERN NO. 641
PASS PATTERN NO. 642
PASS PATTERN NO. 643
PASS PATTERN NO. 644
PASS PATTERN NO. 645
PASS PATTERN NO. 646
PASS PATTERN NO. 647
PASS PATTERN NO. 648
PASS PATTERN NO. 649
PASS PATTERN NO. 650
PASS PATTERN NO. 651
PASS PATTERN NO. 652
PASS PATTERN NO. 653
PASS PATTERN NO. 654
PASS PATTERN NO. 655
PASS PATTERN NO. 656
PASS PATTERN NO. 657
PASS PATTERN NO. 658
PASS PATTERN NO. 659
PASS PATTERN NO. 660
PASS PATTERN NO. 661
PASS PATTERN NO. 662
PASS PATTERN NO. 663
PASS PATTERN NO. 664
PASS PATTERN NO. 665
PASS PATTERN NO. 666
PASS PATTERN NO. 667
PASS PATTERN NO. 668
PASS PATTERN NO. 669
PASS PATTERN NO. 670
PASS PATTERN NO. 671
PASS PATTERN NO. 672
PASS PATTERN NO. 673
PASS PATTERN NO. 674
PASS PATTERN NO. 675
PASS PATTERN NO. 676
PASS PATTERN NO. 677
PASS PATTERN NO. 678
PASS PATTERN NO. 679
PASS PATTERN NO. 680
PASS PATTERN NO. 681
PASS PATTERN NO. 682
PASS PATTERN NO. 683
PASS PATTERN NO. 684
PASS PATTERN NO. 685
PASS PATTERN NO. 686
PASS PATTERN NO. 687
PASS PATTERN NO. 688
PASS PATTERN NO. 689
PASS PATTERN NO. 690
PASS PATTERN NO. 691
PASS PATTERN NO. 692
PASS PATTERN NO. 693
PASS PATTERN NO. 694
PASS PATTERN NO. 695
PASS PATTERN NO. 696
PASS PATTERN NO. 697
PASS PATTERN NO. 698
PASS PATTERN NO. 699
PASS PATTERN NO. 700
PASS PATTERN NO. 701
PASS PATTERN NO. 702
PASS PATTERN NO. 703
PASS PATTERN NO. 704
PASS PATTERN NO. 705
PASS PATTERN NO. 706
PASS PATTERN NO. 707
PASS PATTERN NO. 708
PASS PATTERN NO. 709
PASS PATTERN NO. 710
PASS PATTERN NO. 711
PASS PATTERN NO. 712
PASS PATTERN NO. 713
PASS PATTERN NO. 714
PASS PATTERN NO. 715
PASS PATTERN NO. 716
PASS PATTERN NO. 717
PASS PATTERN NO. 718
PASS PATTERN NO. 719
PASS PATTERN NO. 720
PASS PATTERN NO. 721
PASS PATTERN NO. 722
PASS PATTERN NO. 723
PASS PATTERN NO. 724
PASS PATTERN NO. 725
PASS PATTERN NO. 726
PASS PATTERN NO. 727
PASS PATTERN NO. 728
PASS PATTERN NO. 729
PASS PATTERN NO. 730
PASS PATTERN NO. 731
PASS PATTERN NO. 732
PASS PATTERN NO. 733
PASS PATTERN NO. 734
PASS PATTERN NO. 735
PASS PATTERN NO. 736
PASS PATTERN NO. 737
PASS PATTERN NO. 738
PASS PATTERN NO. 739
PASS PATTERN NO. 740
PASS PATTERN NO. 741
PASS PATTERN NO. 742
PASS PATTERN NO. 743
PASS PATTERN NO. 744
PASS PATTERN NO. 745
PASS PATTERN NO. 746
PASS PATTERN NO. 747
PASS PATTERN NO. 748
PASS PATTERN NO. 749
PASS PATTERN NO. 750
PASS PATTERN NO. 751
PASS PATTERN NO. 752
PASS PATTERN NO. 753
PASS PATTERN NO. 754
PASS PATTERN NO. 755
PASS PATTERN NO. 756
PASS PATTERN NO. 757
PASS PATTERN NO. 758
PASS PATTERN NO. 759
PASS PATTERN NO. 760
PASS PATTERN NO. 761
PASS PATTERN NO. 762
PASS PATTERN NO. 763
PASS PATTERN NO. 764
PASS PATTERN NO. 765
PASS PATTERN NO. 766
PASS PATTERN NO. 767
PASS PATTERN NO. 768
PASS PATTERN NO. 769
PASS PATTERN NO. 770
PASS PATTERN NO. 771
PASS PATTERN NO. 772
PASS PATTERN NO. 773
PASS PATTERN NO. 774
PASS PATTERN NO. 775
PASS PATTERN NO. 776
PASS PATTERN NO. 777
PASS PATTERN NO. 778
PASS PATTERN NO. 779
PASS PATTERN NO. 780
PASS PATTERN NO. 781
PASS PATTERN NO. 782
PASS PATTERN NO. 783
PASS PATTERN NO. 784
PASS PATTERN NO. 785
PASS PATTERN NO. 786
PASS PATTERN NO. 787
PASS PATTERN NO. 788
PASS PATTERN NO. 789
PASS PATTERN NO. 790
PASS PATTERN NO. 791
PASS PATTERN NO. 792
PASS PATTERN NO. 793
PASS PATTERN NO. 794
PASS PATTERN NO. 795
PASS PATTERN NO. 796
PASS PATTERN NO. 797
PASS PATTERN NO. 798
PASS PATTERN NO. 799
PASS PATTERN NO. 800
PASS PATTERN NO. 801
PASS PATTERN NO. 802
PASS PATTERN NO. 803
PASS PATTERN NO. 804
PASS PATTERN NO. 805
PASS PATTERN NO. 806
PASS PATTERN NO. 807
PASS PATTERN NO. 808
PASS PATTERN NO. 809
PASS PATTERN NO. 810
PASS PATTERN NO. 811
PASS PATTERN NO. 812
PASS PATTERN NO. 813
PASS PATTERN NO. 814
PASS PATTERN NO. 815
PASS PATTERN NO. 816
PASS PATTERN NO. 817
PASS PATTERN NO. 818
PASS PATTERN NO. 819
PASS PATTERN NO. 820
PASS PATTERN NO. 821
PASS PATTERN NO. 822
PASS PATTERN NO. 823
PASS PATTERN NO. 824
PASS PATTERN NO. 825
PASS PATTERN NO. 826
PASS PATTERN NO. 827
PASS PATTERN NO. 828
PASS PATTERN NO. 829
PASS PATTERN NO. 830
PASS PATTERN NO. 831
PASS PATTERN NO. 832
PASS PATTERN NO. 833
PASS PATTERN NO. 834
PASS PATTERN NO. 835
PASS PATTERN NO. 836
PASS PATTERN NO. 837
PASS PATTERN NO. 838
PASS PATTERN NO. 839
PASS PATTERN NO. 840
PASS PATTERN NO. 841
PASS PATTERN NO. 842
PASS PATTERN NO. 843
PASS PATTERN NO. 844
PASS PATTERN NO. 845
PASS PATTERN NO. 846
PASS PATTERN NO. 847
PASS PATTERN NO. 848
PASS PATTERN NO. 849
PASS PATTERN NO. 850
PASS PATTERN NO. 851
PASS PATTERN NO. 852
PASS PATTERN NO. 853
PASS PATTERN NO. 854
PASS PATTERN NO. 855
PASS PATTERN NO. 856
PASS PATTERN NO. 857
PASS PATTERN NO. 858
PASS PATTERN NO. 859
PASS PATTERN NO. 860
PASS PATTERN NO. 861
PASS PATTERN NO. 862
PASS PATTERN NO. 863
PASS PATTERN NO. 864
PASS PATTERN NO. 865
PASS PATTERN NO. 866
PASS PATTERN NO. 867
PASS PATTERN NO. 868
PASS PATTERN NO. 869
PASS PATTERN NO. 870
PASS PATTERN NO. 871
PASS PATTERN NO. 872
PASS PATTERN NO. 873
PASS PATTERN NO. 874
PASS PATTERN NO. 875
PASS PATTERN NO. 876
PASS PATTERN NO. 877
PASS PATTERN NO. 878
PASS PATTERN NO. 879
PASS PATTERN NO. 880
PASS PATTERN NO. 881
PASS PATTERN NO. 882
PASS PATTERN NO. 883
PASS PATTERN NO. 884
PASS PATTERN NO. 885
PASS PATTERN NO. 886
PASS PATTERN NO. 887
PASS PATTERN NO. 888
PASS PATTERN NO. 889
PASS PATTERN NO. 890
PASS PATTERN NO. 891
PASS PATTERN NO. 892
PASS PATTERN NO. 893
PASS PATTERN NO. 894
PASS PATTERN NO. 895
PASS PATTERN NO. 896
PASS PATTERN NO. 897
PASS PATTERN NO. 898
PASS PATTERN NO. 899
PASS PATTERN NO. 900
PASS PATTERN NO. 901
PASS PATTERN NO. 902
PASS PATTERN NO. 903
PASS PATTERN NO. 904
PASS PATTERN NO. 905
PASS PATTERN NO. 906
PASS PATTERN NO. 907
PASS PATTERN NO. 908
PASS PATTERN NO. 909
PASS PATTERN NO. 910
PASS PATTERN NO. 911
PASS PATTERN NO. 912
PASS PATTERN NO. 913
PASS PATTERN NO. 914
PASS PATTERN NO. 915
PASS PATTERN NO. 916
PASS PATTERN NO. 917
PASS PATTERN NO. 918
PASS PATTERN NO. 919
PASS PATTERN NO. 920
PASS PATTERN NO. 921
PASS PATTERN NO. 922
PASS PATTERN NO. 923
PASS PATTERN NO. 924
PASS PATTERN NO. 925
PASS PATTERN NO. 926
PASS PATTERN NO. 927
PASS PATTERN NO. 928
PASS PATTERN NO. 929
PASS PATTERN NO. 930
PASS PATTERN NO. 931
PASS PATTERN NO. 932
PASS PATTERN NO. 933
PASS PATTERN NO. 934
PASS PATTERN NO. 935
PASS PATTERN NO. 936
PASS PATTERN NO. 937
PASS PATTERN NO. 938
PASS PATTERN NO. 939
PASS PATTERN NO. 940
PASS PATTERN NO. 941
PASS PATTERN NO. 942
PASS PATTERN NO. 943
PASS PATTERN NO. 944
PASS PATTERN NO. 945
PASS PATTERN NO. 946
PASS PATTERN NO. 947
PASS PATTERN NO. 948
PASS PATTERN NO. 949
PASS PATTERN NO. 950
PASS PATTERN NO. 951
PASS PATTERN NO. 952
PASS PATTERN NO. 953
PASS PATTERN NO. 954
PASS PATTERN NO. 955
PASS PATTERN NO. 956
PASS PATTERN NO. 957
PASS PATTERN NO. 958
PASS PATTERN NO. 959
PASS PATTERN NO. 960
PASS PATTERN NO. 961
PASS PATTERN NO. 962
PASS PATTERN NO. 963
PASS PATTERN NO. 964
PASS PATTERN NO. 965
PASS PATTERN NO. 966
PASS PATTERN NO. 967
PASS PATTERN NO. 968
PASS PATTERN NO. 969
PASS PATTERN NO. 970
PASS PATTERN NO. 971
PASS PATTERN NO. 972
PASS PATTERN NO. 973
PASS PATTERN NO. 974
PASS PATTERN NO. 975
PASS PATTERN NO. 976
PASS PATTERN NO. 977
PASS PATTERN NO. 978
PASS PATTERN NO. 979
PASS PATTERN NO. 980
PASS PATTERN NO. 981
PASS PATTERN NO. 982
PASS PATTERN NO. 983
PASS PATTERN NO. 984
PASS PATTERN NO. 985
PASS PATTERN NO. 986
PASS PATTERN NO. 987
PASS PATTERN NO. 988
PASS PATTERN NO. 989
PASS PATTERN NO. 990
PASS PATTERN NO. 991
PASS PATTERN NO. 992
PASS PATTERN NO. 993
PASS PATTERN NO. 994
PASS PATTERN NO. 995
PASS PATTERN NO. 996
PASS PATTERN NO. 997
PASS PATTERN NO. 998
PASS PATTERN NO. 999
PASS PATTERN NO.1000
PASS PATTERN NO.1001
PASS PATTERN NO.1002
PASS PATTERN NO.1003
PASS PATTERN NO.1004
PASS PATTERN NO.1005
PASS PATTERN NO.1006
PASS PATTERN NO.1007
PASS PATTERN NO.1008
PASS PATTERN NO.1009
PASS PATTERN NO.1010
PASS PATTERN NO.1011
PASS PATTERN NO.1012
PASS PATTERN NO.1013
PASS PATTERN NO.1014
PASS PATTERN NO.1015
PASS PATTERN NO.1016
PASS PATTERN NO.1017
PASS PATTERN NO.1018
PASS PATTERN NO.1019
PASS PATTERN NO.1020
PASS PATTERN NO.1021
PASS PATTERN NO.1022
PASS PATTERN NO.1023
PASS PATTERN NO.1024
PASS PATTERN NO.1025
PASS PATTERN NO.1026
PASS PATTERN NO.1027
PASS PATTERN NO.1028
PASS PATTERN NO.1029
PASS PATTERN NO.1030
PASS PATTERN NO.1031
PASS PATTERN NO.1032
PASS PATTERN NO.1033
PASS PATTERN NO.1034
PASS PATTERN NO.1035
PASS PATTERN NO.1036
PASS PATTERN NO.1037
PASS PATTERN NO.1038
PASS PATTERN NO.1039
PASS PATTERN NO.1040
PASS PATTERN NO.1041
PASS PATTERN NO.1042
PASS PATTERN NO.1043
PASS PATTERN NO.1044
PASS PATTERN NO.1045
PASS PATTERN NO.1046
PASS PATTERN NO.1047
PASS PATTERN NO.1048
PASS PATTERN NO.1049
PASS PATTERN NO.1050
PASS PATTERN NO.1051
PASS PATTERN NO.1052
PASS PATTERN NO.1053
PASS PATTERN NO.1054
PASS PATTERN NO.1055
PASS PATTERN NO.1056
PASS PATTERN NO.1057
PASS PATTERN NO.1058
PASS PATTERN NO.1059
PASS PATTERN NO.1060
PASS PATTERN NO.1061
PASS PATTERN NO.1062
PASS PATTERN NO.1063
PASS PATTERN NO.1064
PASS PATTERN NO.1065
PASS PATTERN NO.1066
PASS PATTERN NO.1067
PASS PATTERN NO.1068
PASS PATTERN NO.1069
PASS PATTERN NO.1070
PASS PATTERN NO.1071
PASS PATTERN NO.1072
PASS PATTERN NO.1073
PASS PATTERN NO.1074
PASS PATTERN NO.1075
PASS PATTERN NO.1076
PASS PATTERN NO.1077
PASS PATTERN NO.1078
PASS PATTERN NO.1079
PASS PATTERN NO.1080
PASS PATTERN NO.1081
PASS PATTERN NO.1082
PASS PATTERN NO.1083
PASS PATTERN NO.1084
PASS PATTERN NO.1085
PASS PATTERN NO.1086
PASS PATTERN NO.1087
PASS PATTERN NO.1088
PASS PATTERN NO.1089
PASS PATTERN NO.1090
PASS PATTERN NO.1091
PASS PATTERN NO.1092
PASS PATTERN NO.1093
PASS PATTERN NO.1094
PASS PATTERN NO.1095
PASS PATTERN NO.1096
PASS PATTERN NO.1097
PASS PATTERN NO.1098
PASS PATTERN NO.1099
PASS PATTERN NO.1100
PASS PATTERN NO.1101
PASS PATTERN NO.1102
PASS PATTERN NO.1103
PASS PATTERN NO.1104
PASS PATTERN NO.1105
PASS PATTERN NO.1106
PASS PATTERN NO.1107
PASS PATTERN NO.1108
PASS PATTERN NO.1109
PASS PATTERN NO.1110
PASS PATTERN NO.1111
PASS PATTERN NO.1112
PASS PATTERN NO.1113
PASS PATTERN NO.1114
PASS PATTERN NO.1115
PASS PATTERN NO.1116
PASS PATTERN NO.1117
PASS PATTERN NO.1118
PASS PATTERN NO.1119
PASS PATTERN NO.1120
PASS PATTERN NO.1121
PASS PATTERN NO.1122
PASS PATTERN NO.1123
PASS PATTERN NO.1124
PASS PATTERN NO.1125
PASS PATTERN NO.1126
PASS PATTERN NO.1127
PASS PATTERN NO.1128
PASS PATTERN NO.1129
PASS PATTERN NO.1130
PASS PATTERN NO.1131
PASS PATTERN NO.1132
PASS PATTERN NO.1133
PASS PATTERN NO.1134
PASS PATTERN NO.1135
PASS PATTERN NO.1136
PASS PATTERN NO.1137
PASS PATTERN NO.1138
PASS PATTERN NO.1139
PASS PATTERN NO.1140
PASS PATTERN NO.1141
PASS PATTERN NO.1142
PASS PATTERN NO.1143
PASS PATTERN NO.1144
PASS PATTERN NO.1145
PASS PATTERN NO.1146
PASS PATTERN NO.1147
PASS PATTERN NO.1148
PASS PATTERN NO.1149
PASS PATTERN NO.1150
PASS PATTERN NO.1151
PASS PATTERN NO.1152
PASS PATTERN NO.1153
PASS PATTERN NO.1154
PASS PATTERN NO.1155
PASS PATTERN NO.1156
PASS PATTERN NO.1157
PASS PATTERN NO.1158
PASS PATTERN NO.1159
PASS PATTERN NO.1160
PASS PATTERN NO.1161
PASS PATTERN NO.1162
PASS PATTERN NO.1163
PASS PATTERN NO.1164
PASS PATTERN NO.1165
PASS PATTERN NO.1166
PASS PATTERN NO.1167
PASS PATTERN NO.1168
PASS PATTERN NO.1169
PASS PATTERN NO.1170
PASS PATTERN NO.1171
PASS PATTERN NO.1172
PASS PATTERN NO.1173
PASS PATTERN NO.1174
PASS PATTERN NO.1175
PASS PATTERN NO.1176
PASS PATTERN NO.1177
PASS PATTERN NO.1178
PASS PATTERN NO.1179
PASS PATTERN NO.1180
PASS PATTERN NO.1181
PASS PATTERN NO.1182
PASS PATTERN NO.1183
PASS PATTERN NO.1184
PASS PATTERN NO.1185
PASS PATTERN NO.1186
PASS PATTERN NO.1187
PASS PATTERN NO.1188
PASS PATTERN NO.1189
PASS PATTERN NO.1190
PASS PATTERN NO.1191
PASS PATTERN NO.1192
PASS PATTERN NO.1193
PASS PATTERN NO.1194
PASS PATTERN NO.1195
PASS PATTERN NO.1196
PASS PATTERN NO.1197
PASS PATTERN NO.1198
PASS PATTERN NO.1199
PASS PATTERN NO.1200
PASS PATTERN NO.1201
PASS PATTERN NO.1202
PASS PATTERN NO.1203
PASS PATTERN NO.1204
PASS PATTERN NO.1205
PASS PATTERN NO.1206
PASS PATTERN NO.1207
PASS PATTERN NO.1208
PASS PATTERN NO.1209
PASS PATTERN NO.1210
PASS PATTERN NO.1211
PASS PATTERN NO.1212
PASS PATTERN NO.1213
PASS PATTERN NO.1214
PASS PATTERN NO.1215
PASS PATTERN NO.1216
PASS PATTERN NO.1217
PASS PATTERN NO.1218
PASS PATTERN NO.1219
PASS PATTERN NO.1220
PASS PATTERN NO.1221
PASS PATTERN NO.1222
PASS PATTERN NO.1223
PASS PATTERN NO.1224
PASS PATTERN NO.1225
PASS PATTERN NO.1226
PASS PATTERN NO.1227
PASS PATTERN NO.1228
PASS PATTERN NO.1229
PASS PATTERN NO.1230
PASS PATTERN NO.1231
PASS PATTERN NO.1232
PASS PATTERN NO.1233
PASS PATTERN NO.1234
PASS PATTERN NO.1235
PASS PATTERN NO.1236
PASS PATTERN NO.1237
PASS PATTERN NO.1238
PASS PATTERN NO.1239
PASS PATTERN NO.1240
PASS PATTERN NO.1241
PASS PATTERN NO.1242
PASS PATTERN NO.1243
PASS PATTERN NO.1244
PASS PATTERN NO.1245
PASS PATTERN NO.1246
PASS PATTERN NO.1247
PASS PATTERN NO.1248
PASS PATTERN NO.1249
PASS PATTERN NO.1250
PASS PATTERN NO.1251
PASS PATTERN NO.1252
PASS PATTERN NO.1253
PASS PATTERN NO.1254
PASS PATTERN NO.1255
PASS PATTERN NO.1256
PASS PATTERN NO.1257
PASS PATTERN NO.1258
PASS PATTERN NO.1259
PASS PATTERN NO.1260
PASS PATTERN NO.1261
PASS PATTERN NO.1262
PASS PATTERN NO.1263
PASS PATTERN NO.1264
PASS PATTERN NO.1265
PASS PATTERN NO.1266
PASS PATTERN NO.1267
PASS PATTERN NO.1268
PASS PATTERN NO.1269
PASS PATTERN NO.1270
PASS PATTERN NO.1271
PASS PATTERN NO.1272
PASS PATTERN NO.1273
PASS PATTERN NO.1274
PASS PATTERN NO.1275
PASS PATTERN NO.1276
PASS PATTERN NO.1277
PASS PATTERN NO.1278
PASS PATTERN NO.1279
PASS PATTERN NO.1280
PASS PATTERN NO.1281
PASS PATTERN NO.1282
PASS PATTERN NO.1283
PASS PATTERN NO.1284
PASS PATTERN NO.1285
PASS PATTERN NO.1286
PASS PATTERN NO.1287
PASS PATTERN NO.1288
PASS PATTERN NO.1289
PASS PATTERN NO.1290
PASS PATTERN NO.1291
PASS PATTERN NO.1292
PASS PATTERN NO.1293
PASS PATTERN NO.1294
PASS PATTERN NO.1295
PASS PATTERN NO.1296
PASS PATTERN NO.1297
PASS PATTERN NO.1298
PASS PATTERN NO.1299
PASS PATTERN NO.1300
PASS PATTERN NO.1301
PASS PATTERN NO.1302
PASS PATTERN NO.1303
PASS PATTERN NO.1304
PASS PATTERN NO.1305
PASS PATTERN NO.1306
PASS PATTERN NO.1307
PASS PATTERN NO.1308
PASS PATTERN NO.1309
PASS PATTERN NO.1310
PASS PATTERN NO.1311
PASS PATTERN NO.1312
PASS PATTERN NO.1313
PASS PATTERN NO.1314
PASS PATTERN NO.1315
PASS PATTERN NO.1316
PASS PATTERN NO.1317
PASS PATTERN NO.1318
PASS PATTERN NO.1319
PASS PATTERN NO.1320
PASS PATTERN NO.1321
PASS PATTERN NO.1322
PASS PATTERN NO.1323
PASS PATTERN NO.1324
PASS PATTERN NO.1325
PASS PATTERN NO.1326
PASS PATTERN NO.1327
PASS PATTERN NO.1328
PASS PATTERN NO.1329
PASS PATTERN NO.1330
PASS PATTERN NO.1331
PASS PATTERN NO.1332
PASS PATTERN NO.1333
PASS PATTERN NO.1334
PASS PATTERN NO.1335
PASS PATTERN NO.1336
PASS PATTERN NO.1337
PASS PATTERN NO.1338
PASS PATTERN NO.1339
PASS PATTERN NO.1340
PASS PATTERN NO.1341
PASS PATTERN NO.1342
PASS PATTERN NO.1343
PASS PATTERN NO.1344
PASS PATTERN NO.1345
PASS PATTERN NO.1346
PASS PATTERN NO.1347
PASS PATTERN NO.1348
PASS PATTERN NO.1349
PASS PATTERN NO.1350
PASS PATTERN NO.1351
PASS PATTERN NO.1352
PASS PATTERN NO.1353
PASS PATTERN NO.1354
PASS PATTERN NO.1355
PASS PATTERN NO.1356
PASS PATTERN NO.1357
PASS PATTERN NO.1358
PASS PATTERN NO.1359
PASS PATTERN NO.1360
PASS PATTERN NO.1361
PASS PATTERN NO.1362
PASS PATTERN NO.1363
PASS PATTERN NO.1364
PASS PATTERN NO.1365
PASS PATTERN NO.1366
PASS PATTERN NO.1367
PASS PATTERN NO.1368
PASS PATTERN NO.1369
PASS PATTERN NO.1370
PASS PATTERN NO.1371
PASS PATTERN NO.1372
PASS PATTERN NO.1373
PASS PATTERN NO.1374
PASS PATTERN NO.1375
PASS PATTERN NO.1376
PASS PATTERN NO.1377
PASS PATTERN NO.1378
PASS PATTERN NO.1379
PASS PATTERN NO.1380
PASS PATTERN NO.1381
PASS PATTERN NO.1382
PASS PATTERN NO.1383
PASS PATTERN NO.1384
PASS PATTERN NO.1385
PASS PATTERN NO.1386
PASS PATTERN NO.1387
PASS PATTERN NO.1388
PASS PATTERN NO.1389
PASS PATTERN NO.1390
PASS PATTERN NO.1391
PASS PATTERN NO.1392
PASS PATTERN NO.1393
PASS PATTERN NO.1394
PASS PATTERN NO.1395
PASS PATTERN NO.1396
PASS PATTERN NO.1397
PASS PATTERN NO.1398
PASS PATTERN NO.1399
PASS PATTERN NO.1400
PASS PATTERN NO.1401
PASS PATTERN NO.1402
PASS PATTERN NO.1403
PASS PATTERN NO.1404
PASS PATTERN NO.1405
PASS PATTERN NO.1406
PASS PATTERN NO.1407
PASS PATTERN NO.1408
PASS PATTERN NO.1409
PASS PATTERN NO.1410
PASS PATTERN NO.1411
PASS PATTERN NO.1412
PASS PATTERN NO.1413
PASS PATTERN NO.1414
PASS PATTERN NO.1415
PASS PATTERN NO.1416
PASS PATTERN NO.1417
PASS PATTERN NO.1418
PASS PATTERN NO.1419
PASS PATTERN NO.1420
PASS PATTERN NO.1421
PASS PATTERN NO.1422
PASS PATTERN NO.1423
PASS PATTERN NO.1424
PASS PATTERN NO.1425
PASS PATTERN NO.1426
PASS PATTERN NO.1427
PASS PATTERN NO.1428
PASS PATTERN NO.1429
PASS PATTERN NO.1430
PASS PATTERN NO.1431
PASS PATTERN NO.1432
PASS PATTERN NO.1433
PASS PATTERN NO.1434
PASS PATTERN NO.1435
PASS PATTERN NO.1436
PASS PATTERN NO.1437
PASS PATTERN NO.1438
PASS PATTERN NO.1439
PASS PATTERN NO.1440
PASS PATTERN NO.1441
PASS PATTERN NO.1442
PASS PATTERN NO.1443
PASS PATTERN NO.1444
PASS PATTERN NO.1445
PASS PATTERN NO.1446
PASS PATTERN NO.1447
PASS PATTERN NO.1448
PASS PATTERN NO.1449
PASS PATTERN NO.1450
PASS PATTERN NO.1451
PASS PATTERN NO.1452
PASS PATTERN NO.1453
PASS PATTERN NO.1454
PASS PATTERN NO.1455
PASS PATTERN NO.1456
PASS PATTERN NO.1457
PASS PATTERN NO.1458
PASS PATTERN NO.1459
PASS PATTERN NO.1460
PASS PATTERN NO.1461
PASS PATTERN NO.1462
PASS PATTERN NO.1463
PASS PATTERN NO.1464
PASS PATTERN NO.1465
PASS PATTERN NO.1466
PASS PATTERN NO.1467
PASS PATTERN NO.1468
PASS PATTERN NO.1469
PASS PATTERN NO.1470
PASS PATTERN NO.1471
PASS PATTERN NO.1472
PASS PATTERN NO.1473
PASS PATTERN NO.1474
PASS PATTERN NO.1475
PASS PATTERN NO.1476
PASS PATTERN NO.1477
PASS PATTERN NO.1478
PASS PATTERN NO.1479
PASS PATTERN NO.1480
PASS PATTERN NO.1481
PASS PATTERN NO.1482
PASS PATTERN NO.1483
PASS PATTERN NO.1484
PASS PATTERN NO.1485
PASS PATTERN NO.1486
PASS PATTERN NO.1487
PASS PATTERN NO.1488
PASS PATTERN NO.1489
PASS PATTERN NO.1490
PASS PATTERN NO.1491
PASS PATTERN NO.1492
PASS PATTERN NO.1493
PASS PATTERN NO.1494
PASS PATTERN NO.1495
PASS PATTERN NO.1496
PASS PATTERN NO.1497
PASS PATTERN NO.1498
PASS PATTERN NO.1499
PASS PATTERN NO.1500
PASS PATTERN NO.1501
PASS PATTERN NO.1502
PASS PATTERN NO.1503
PASS PATTERN NO.1504
PASS PATTERN NO.1505
PASS PATTERN NO.1506
PASS PATTERN NO.1507
PASS PATTERN NO.1508
PASS PATTERN NO.1509
PASS PATTERN NO.1510
PASS PATTERN NO.1511
PASS PATTERN NO.1512
PASS PATTERN NO.1513
PASS PATTERN NO.1514
PASS PATTERN NO.1515
PASS PATTERN NO.1516
PASS PATTERN NO.1517
PASS PATTERN NO.1518
PASS PATTERN NO.1519
PASS PATTERN NO.1520
PASS PATTERN NO.1521
PASS PATTERN NO.1522
PASS PATTERN NO.1523
PASS PATTERN NO.1524
PASS PATTERN NO.1525
PASS PATTERN NO.1526
PASS PATTERN NO.1527
PASS PATTERN NO.1528
PASS PATTERN NO.1529
PASS PATTERN NO.1530
PASS PATTERN NO.1531
PASS PATTERN NO.1532
PASS PATTERN NO.1533
PASS PATTERN NO.1534
PASS PATTERN NO.1535
PASS PATTERN NO.1536
PASS PATTERN NO.1537
PASS PATTERN NO.1538
PASS PATTERN NO.1539
PASS PATTERN NO.1540
PASS PATTERN NO.1541
PASS PATTERN NO.1542
PASS PATTERN NO.1543
PASS PATTERN NO.1544
PASS PATTERN NO.1545
PASS PATTERN NO.1546
PASS PATTERN NO.1547
PASS PATTERN NO.1548
PASS PATTERN NO.1549
PASS PATTERN NO.1550
PASS PATTERN NO.1551
PASS PATTERN NO.1552
PASS PATTERN NO.1553
PASS PATTERN NO.1554
PASS PATTERN NO.1555
PASS PATTERN NO.1556
PASS PATTERN NO.1557
PASS PATTERN NO.1558
PASS PATTERN NO.1559
PASS PATTERN NO.1560
PASS PATTERN NO.1561
PASS PATTERN NO.1562
PASS PATTERN NO.1563
PASS PATTERN NO.1564
PASS PATTERN NO.1565
PASS PATTERN NO.1566
PASS PATTERN NO.1567
PASS PATTERN NO.1568
PASS PATTERN NO.1569
PASS PATTERN NO.1570
PASS PATTERN NO.1571
PASS PATTERN NO.1572
PASS PATTERN NO.1573
PASS PATTERN NO.1574
PASS PATTERN NO.1575
PASS PATTERN NO.1576
PASS PATTERN NO.1577
PASS PATTERN NO.1578
PASS PATTERN NO.1579
PASS PATTERN NO.1580
PASS PATTERN NO.1581
PASS PATTERN NO.1582
PASS PATTERN NO.1583
PASS PATTERN NO.1584
PASS PATTERN NO.1585
PASS PATTERN NO.1586
PASS PATTERN NO.1587
PASS PATTERN NO.1588
PASS PATTERN NO.1589
PASS PATTERN NO.1590
PASS PATTERN NO.1591
PASS PATTERN NO.1592
PASS PATTERN NO.1593
PASS PATTERN NO.1594
PASS PATTERN NO.1595
PASS PATTERN NO.1596
PASS PATTERN NO.1597
PASS PATTERN NO.1598
PASS PATTERN NO.1599
PASS PATTERN NO.1600
PASS PATTERN NO.1601
PASS PATTERN NO.1602
PASS PATTERN NO.1603
PASS PATTERN NO.1604
PASS PATTERN NO.1605
PASS PATTERN NO.1606
PASS PATTERN NO.1607
PASS PATTERN NO.1608
PASS PATTERN NO.1609
PASS PATTERN NO.1610
PASS PATTERN NO.1611
PASS PATTERN NO.1612
PASS PATTERN NO.1613
PASS PATTERN NO.1614
PASS PATTERN NO.1615
PASS PATTERN NO.1616
PASS PATTERN NO.1617
PASS PATTERN NO.1618
PASS PATTERN NO.1619
PASS PATTERN NO.1620
PASS PATTERN NO.1621
PASS PATTERN NO.1622
PASS PATTERN NO.1623
PASS PATTERN NO.1624
PASS PATTERN NO.1625
PASS PATTERN NO.1626
PASS PATTERN NO.1627
PASS PATTERN NO.1628
PASS PATTERN NO.1629
PASS PATTERN NO.1630
PASS PATTERN NO.1631
PASS PATTERN NO.1632
PASS PATTERN NO.1633
PASS PATTERN NO.1634
PASS PATTERN NO.1635
PASS PATTERN NO.1636
PASS PATTERN NO.1637
PASS PATTERN NO.1638
PASS PATTERN NO.1639
PASS PATTERN NO.1640
PASS PATTERN NO.1641
PASS PATTERN NO.1642
PASS PATTERN NO.1643
PASS PATTERN NO.1644
PASS PATTERN NO.1645
PASS PATTERN NO.1646
PASS PATTERN NO.1647
PASS PATTERN NO.1648
PASS PATTERN NO.1649
PASS PATTERN NO.1650
PASS PATTERN NO.1651
PASS PATTERN NO.1652
PASS PATTERN NO.1653
PASS PATTERN NO.1654
PASS PATTERN NO.1655
PASS PATTERN NO.1656
PASS PATTERN NO.1657
PASS PATTERN NO.1658
PASS PATTERN NO.1659
PASS PATTERN NO.1660
PASS PATTERN NO.1661
PASS PATTERN NO.1662
PASS PATTERN NO.1663
PASS PATTERN NO.1664
PASS PATTERN NO.1665
PASS PATTERN NO.1666
PASS PATTERN NO.1667
PASS PATTERN NO.1668
PASS PATTERN NO.1669
PASS PATTERN NO.1670
PASS PATTERN NO.1671
PASS PATTERN NO.1672
PASS PATTERN NO.1673
PASS PATTERN NO.1674
PASS PATTERN NO.1675
PASS PATTERN NO.1676
PASS PATTERN NO.1677
PASS PATTERN NO.1678
PASS PATTERN NO.1679
PASS PATTERN NO.1680
PASS PATTERN NO.1681
PASS PATTERN NO.1682
PASS PATTERN NO.1683
PASS PATTERN NO.1684
PASS PATTERN NO.1685
PASS PATTERN NO.1686
PASS PATTERN NO.1687
PASS PATTERN NO.1688
PASS PATTERN NO.1689
PASS PATTERN NO.1690
PASS PATTERN NO.1691
PASS PATTERN NO.1692
PASS PATTERN NO.1693
PASS PATTERN NO.1694
PASS PATTERN NO.1695
PASS PATTERN NO.1696
PASS PATTERN NO.1697
PASS PATTERN NO.1698
PASS PATTERN NO.1699
PASS PATTERN NO.1700
PASS PATTERN NO.1701
PASS PATTERN NO.1702
PASS PATTERN NO.1703
PASS PATTERN NO.1704
PASS PATTERN NO.1705
PASS PATTERN NO.1706
PASS PATTERN NO.1707
PASS PATTERN NO.1708
PASS PATTERN NO.1709
PASS PATTERN NO.1710
PASS PATTERN NO.1711
PASS PATTERN NO.1712
PASS PATTERN NO.1713
PASS PATTERN NO.1714
PASS PATTERN NO.1715
PASS PATTERN NO.1716
PASS PATTERN NO.1717
PASS PATTERN NO.1718
PASS PATTERN NO.1719
PASS PATTERN NO.1720
PASS PATTERN NO.1721
PASS PATTERN NO.1722
PASS PATTERN NO.1723
PASS PATTERN NO.1724
PASS PATTERN NO.1725
PASS PATTERN NO.1726
PASS PATTERN NO.1727
PASS PATTERN NO.1728
PASS PATTERN NO.1729
PASS PATTERN NO.1730
PASS PATTERN NO.1731
PASS PATTERN NO.1732
PASS PATTERN NO.1733
PASS PATTERN NO.1734
PASS PATTERN NO.1735
PASS PATTERN NO.1736
PASS PATTERN NO.1737
PASS PATTERN NO.1738
PASS PATTERN NO.1739
PASS PATTERN NO.1740
PASS PATTERN NO.1741
PASS PATTERN NO.1742
PASS PATTERN NO.1743
PASS PATTERN NO.1744
PASS PATTERN NO.1745
PASS PATTERN NO.1746
PASS PATTERN NO.1747
PASS PATTERN NO.1748
PASS PATTERN NO.1749
PASS PATTERN NO.1750
PASS PATTERN NO.1751
PASS PATTERN NO.1752
PASS PATTERN NO.1753
PASS PATTERN NO.1754
PASS PATTERN NO.1755
PASS PATTERN NO.1756
PASS PATTERN NO.1757
PASS PATTERN NO.1758
PASS PATTERN NO.1759
PASS PATTERN NO.1760
PASS PATTERN NO.1761
PASS PATTERN NO.1762
PASS PATTERN NO.1763
PASS PATTERN NO.1764
PASS PATTERN NO.1765
PASS PATTERN NO.1766
PASS PATTERN NO.1767
PASS PATTERN NO.1768
PASS PATTERN NO.1769
PASS PATTERN NO.1770
PASS PATTERN NO.1771
PASS PATTERN NO.1772
PASS PATTERN NO.1773
PASS PATTERN NO.1774
PASS PATTERN NO.1775
PASS PATTERN NO.1776
PASS PATTERN NO.1777
PASS PATTERN NO.1778
PASS PATTERN NO.1779
PASS PATTERN NO.1780
PASS PATTERN NO.1781
PASS PATTERN NO.1782
PASS PATTERN NO.1783
PASS PATTERN NO.1784
PASS PATTERN NO.1785
PASS PATTERN NO.1786
PASS PATTERN NO.1787
PASS PATTERN NO.1788
PASS PATTERN NO.1789
PASS PATTERN NO.1790
PASS PATTERN NO.1791
PASS PATTERN NO.1792
PASS PATTERN NO.1793
PASS PATTERN NO.1794
PASS PATTERN NO.1795
PASS PATTERN NO.1796
PASS PATTERN NO.1797
PASS PATTERN NO.1798
PASS PATTERN NO.1799
PASS PATTERN NO.1800
PASS PATTERN NO.1801
PASS PATTERN NO.1802
PASS PATTERN NO.1803
PASS PATTERN NO.1804
PASS PATTERN NO.1805
PASS PATTERN NO.1806
PASS PATTERN NO.1807
PASS PATTERN NO.1808
PASS PATTERN NO.1809
PASS PATTERN NO.1810
PASS PATTERN NO.1811
PASS PATTERN NO.1812
PASS PATTERN NO.1813
PASS PATTERN NO.1814
PASS PATTERN NO.1815
PASS PATTERN NO.1816
PASS PATTERN NO.1817
PASS PATTERN NO.1818
PASS PATTERN NO.1819
PASS PATTERN NO.1820
PASS PATTERN NO.1821
PASS PATTERN NO.1822
PASS PATTERN NO.1823
PASS PATTERN NO.1824
PASS PATTERN NO.1825
PASS PATTERN NO.1826
PASS PATTERN NO.1827
PASS PATTERN NO.1828
PASS PATTERN NO.1829
PASS PATTERN NO.1830
PASS PATTERN NO.1831
PASS PATTERN NO.1832
PASS PATTERN NO.1833
PASS PATTERN NO.1834
PASS PATTERN NO.1835
PASS PATTERN NO.1836
PASS PATTERN NO.1837
PASS PATTERN NO.1838
PASS PATTERN NO.1839
PASS PATTERN NO.1840
PASS PATTERN NO.1841
PASS PATTERN NO.1842
PASS PATTERN NO.1843
PASS PATTERN NO.1844
PASS PATTERN NO.1845
PASS PATTERN NO.1846
PASS PATTERN NO.1847
PASS PATTERN NO.1848
PASS PATTERN NO.1849
PASS PATTERN NO.1850
PASS PATTERN NO.1851
PASS PATTERN NO.1852
PASS PATTERN NO.1853
PASS PATTERN NO.1854
PASS PATTERN NO.1855
PASS PATTERN NO.1856
PASS PATTERN NO.1857
PASS PATTERN NO.1858
PASS PATTERN NO.1859
PASS PATTERN NO.1860
PASS PATTERN NO.1861
PASS PATTERN NO.1862
PASS PATTERN NO.1863
PASS PATTERN NO.1864
PASS PATTERN NO.1865
PASS PATTERN NO.1866
PASS PATTERN NO.1867
PASS PATTERN NO.1868
PASS PATTERN NO.1869
PASS PATTERN NO.1870
PASS PATTERN NO.1871
PASS PATTERN NO.1872
PASS PATTERN NO.1873
PASS PATTERN NO.1874
PASS PATTERN NO.1875
PASS PATTERN NO.1876
PASS PATTERN NO.1877
PASS PATTERN NO.1878
PASS PATTERN NO.1879
PASS PATTERN NO.1880
PASS PATTERN NO.1881
PASS PATTERN NO.1882
PASS PATTERN NO.1883
PASS PATTERN NO.1884
PASS PATTERN NO.1885
PASS PATTERN NO.1886
PASS PATTERN NO.1887
PASS PATTERN NO.1888
PASS PATTERN NO.1889
PASS PATTERN NO.1890
PASS PATTERN NO.1891
PASS PATTERN NO.1892
PASS PATTERN NO.1893
PASS PATTERN NO.1894
PASS PATTERN NO.1895
PASS PATTERN NO.1896
PASS PATTERN NO.1897
PASS PATTERN NO.1898
PASS PATTERN NO.1899
PASS PATTERN NO.1900
PASS PATTERN NO.1901
PASS PATTERN NO.1902
PASS PATTERN NO.1903
PASS PATTERN NO.1904
PASS PATTERN NO.1905
PASS PATTERN NO.1906
PASS PATTERN NO.1907
PASS PATTERN NO.1908
PASS PATTERN NO.1909
PASS PATTERN NO.1910
PASS PATTERN NO.1911
PASS PATTERN NO.1912
PASS PATTERN NO.1913
PASS PATTERN NO.1914
PASS PATTERN NO.1915
PASS PATTERN NO.1916
PASS PATTERN NO.1917
PASS PATTERN NO.1918
PASS PATTERN NO.1919
PASS PATTERN NO.1920
PASS PATTERN NO.1921
PASS PATTERN NO.1922
PASS PATTERN NO.1923
PASS PATTERN NO.1924
PASS PATTERN NO.1925
PASS PATTERN NO.1926
PASS PATTERN NO.1927
PASS PATTERN NO.1928
PASS PATTERN NO.1929
PASS PATTERN NO.1930
PASS PATTERN NO.1931
PASS PATTERN NO.1932
PASS PATTERN NO.1933
PASS PATTERN NO.1934
PASS PATTERN NO.1935
PASS PATTERN NO.1936
PASS PATTERN NO.1937
PASS PATTERN NO.1938
PASS PATTERN NO.1939
PASS PATTERN NO.1940
PASS PATTERN NO.1941
PASS PATTERN NO.1942
PASS PATTERN NO.1943
PASS PATTERN NO.1944
PASS PATTERN NO.1945
PASS PATTERN NO.1946
PASS PATTERN NO.1947
PASS PATTERN NO.1948
PASS PATTERN NO.1949
PASS PATTERN NO.1950
PASS PATTERN NO.1951
PASS PATTERN NO.1952
PASS PATTERN NO.1953
PASS PATTERN NO.1954
PASS PATTERN NO.1955
PASS PATTERN NO.1956
PASS PATTERN NO.1957
PASS PATTERN NO.1958
PASS PATTERN NO.1959
PASS PATTERN NO.1960
PASS PATTERN NO.1961
PASS PATTERN NO.1962
PASS PATTERN NO.1963
PASS PATTERN NO.1964
PASS PATTERN NO.1965
PASS PATTERN NO.1966
PASS PATTERN NO.1967
PASS PATTERN NO.1968
PASS PATTERN NO.1969
PASS PATTERN NO.1970
PASS PATTERN NO.1971
PASS PATTERN NO.1972
PASS PATTERN NO.1973
PASS PATTERN NO.1974
PASS PATTERN NO.1975
PASS PATTERN NO.1976
PASS PATTERN NO.1977
PASS PATTERN NO.1978
PASS PATTERN NO.1979
PASS PATTERN NO.1980
PASS PATTERN NO.1981
PASS PATTERN NO.1982
PASS PATTERN NO.1983
PASS PATTERN NO.1984
PASS PATTERN NO.1985
PASS PATTERN NO.1986
PASS PATTERN NO.1987
PASS PATTERN NO.1988
PASS PATTERN NO.1989
PASS PATTERN NO.1990
PASS PATTERN NO.1991
PASS PATTERN NO.1992
PASS PATTERN NO.1993
PASS PATTERN NO.1994
PASS PATTERN NO.1995
PASS PATTERN NO.1996
PASS PATTERN NO.1997
PASS PATTERN NO.1998
PASS PATTERN NO.1999
--------------------------------------------------------------------
                         Congratulations!                           
                  You have passed all patterns!                     
                  Your execution cycles = 18000 cycles                
                  Your clock period = 20.0 ns                       
                  Total Latency = 360000.0 ns                           
--------------------------------------------------------------------
$finish called from file "PATTERN.v", line 34.
$finish at simulation time           1539630000
           V C S   S i m u l a t i o n   R e p o r t 
Time: 1539630000 ps
CPU Time:      1.440 seconds;       Data structure size:   0.0Mb
Wed Nov  1 18:21:17 2023
CPU time: .587 seconds to compile + .376 seconds to elab + .365 seconds to link + 1.484 seconds in simulation
