#======================================================
#
# Synopsys Synthesis Scripts (Design Vision dctcl mode)
#
#======================================================
#======================================================
# (A) Global Parameters
#======================================================
set DESIGN "BRIDGE"
BRIDGE
set CYCLE 40
40
set INPUT_DLY [expr 0.5*$CYCLE]
20.0
set OUTPUT_DLY [expr 0.5*$CYCLE]
20.0
#======================================================
# (B) Read RTL Code
#======================================================
# (B-1) analyze + elaborate
set hdlin_auto_save_templates TRUE
TRUE
analyze -f sverilog $DESIGN\.v 
Running PRESTO HDLC
Compiling source file ../01_RTL/BRIDGE.v
Presto compilation completed successfully.
Loading db file '/RAID2/COURSE/BackUp/2023_Spring/iclab/iclabta01/umc018/Synthesis/slow.db'
Loading db file '/usr/cad/synopsys/synthesis/cur/libraries/syn/dw_foundation.sldb'
Loading db file '/usr/cad/synopsys/synthesis/cur/libraries/syn/standard.sldb'
1
elaborate $DESIGN  
Loading db file '/usr/cad/synopsys/synthesis/2022.03/libraries/syn/gtech.db'
Loading db file '/usr/cad/synopsys/synthesis/2022.03/libraries/syn/standard.sldb'
  Loading link library 'slow'
  Loading link library 'gtech'
Running PRESTO HDLC
Warning:  ../01_RTL/BRIDGE.v:128: signed to unsigned conversion occurs. (VER-318)
Warning:  ../01_RTL/BRIDGE.v:593: signed to unsigned conversion occurs. (VER-318)

Statistics for case statements in always block at line 137 in file
        '../01_RTL/BRIDGE.v'
===============================================
|           Line           |  full/ parallel  |
===============================================
|           138            |    auto/auto     |
===============================================

Statistics for case statements in always block at line 177 in file
        '../01_RTL/BRIDGE.v'
===============================================
|           Line           |  full/ parallel  |
===============================================
|           180            |    auto/auto     |
===============================================

Statistics for case statements in always block at line 241 in file
        '../01_RTL/BRIDGE.v'
===============================================
|           Line           |  full/ parallel  |
===============================================
|           242            |    auto/auto     |
===============================================

Statistics for case statements in always block at line 261 in file
        '../01_RTL/BRIDGE.v'
===============================================
|           Line           |  full/ parallel  |
===============================================
|           265            |     no/auto      |
===============================================

Statistics for case statements in always block at line 278 in file
        '../01_RTL/BRIDGE.v'
===============================================
|           Line           |  full/ parallel  |
===============================================
|           282            |     no/auto      |
===============================================

Statistics for case statements in always block at line 295 in file
        '../01_RTL/BRIDGE.v'
===============================================
|           Line           |  full/ parallel  |
===============================================
|           299            |     no/auto      |
===============================================

Statistics for case statements in always block at line 310 in file
        '../01_RTL/BRIDGE.v'
===============================================
|           Line           |  full/ parallel  |
===============================================
|           314            |    auto/auto     |
===============================================

Statistics for case statements in always block at line 334 in file
        '../01_RTL/BRIDGE.v'
===============================================
|           Line           |  full/ parallel  |
===============================================
|           339            |     no/auto      |
===============================================

Statistics for case statements in always block at line 408 in file
        '../01_RTL/BRIDGE.v'
===============================================
|           Line           |  full/ parallel  |
===============================================
|           409            |    auto/auto     |
===============================================

Statistics for case statements in always block at line 425 in file
        '../01_RTL/BRIDGE.v'
===============================================
|           Line           |  full/ parallel  |
===============================================
|           429            |    auto/auto     |
===============================================
$display output: CRC_DATA= ??

Statistics for case statements in always block at line 467 in file
        '../01_RTL/BRIDGE.v'
===============================================
|           Line           |  full/ parallel  |
===============================================
|           471            |    auto/auto     |
===============================================

Statistics for case statements in always block at line 498 in file
        '../01_RTL/BRIDGE.v'
===============================================
|           Line           |  full/ parallel  |
===============================================
|           502            |    auto/auto     |
===============================================

Statistics for case statements in always block at line 515 in file
        '../01_RTL/BRIDGE.v'
===============================================
|           Line           |  full/ parallel  |
===============================================
|           519            |    auto/auto     |
===============================================

Statistics for case statements in always block at line 628 in file
        '../01_RTL/BRIDGE.v'
===============================================
|           Line           |  full/ parallel  |
===============================================
|           633            |    auto/auto     |
|           645            |    auto/auto     |
===============================================

Inferred memory devices in process
        in routine BRIDGE line 177 in file
                '../01_RTL/BRIDGE.v'.
===============================================================================
|    Register Name    |   Type    | Width | Bus | MB | AR | AS | SR | SS | ST |
===============================================================================
|       ctr_reg       | Flip-flop |  11   |  Y  | N  | Y  | N  | N  | N  | N  |
===============================================================================

Inferred memory devices in process
        in routine BRIDGE line 206 in file
                '../01_RTL/BRIDGE.v'.
===============================================================================
|    Register Name    |   Type    | Width | Bus | MB | AR | AS | SR | SS | ST |
===============================================================================
|   curr_state_reg    | Flip-flop |   4   |  Y  | N  | Y  | N  | N  | N  | N  |
===============================================================================

Inferred memory devices in process
        in routine BRIDGE line 214 in file
                '../01_RTL/BRIDGE.v'.
===============================================================================
|    Register Name    |   Type    | Width | Bus | MB | AR | AS | SR | SS | ST |
===============================================================================
|   address_sd_reg    | Flip-flop |  32   |  Y  | N  | Y  | N  | N  | N  | N  |
|  address_dram_reg   | Flip-flop |  32   |  Y  | N  | Y  | N  | N  | N  | N  |
===============================================================================

Inferred memory devices in process
        in routine BRIDGE line 226 in file
                '../01_RTL/BRIDGE.v'.
===============================================================================
|    Register Name    |   Type    | Width | Bus | MB | AR | AS | SR | SS | ST |
===============================================================================
| Direction_Flag_reg  | Flip-flop |   1   |  N  | N  | Y  | N  | N  | N  | N  |
===============================================================================

Inferred memory devices in process
        in routine BRIDGE line 261 in file
                '../01_RTL/BRIDGE.v'.
===============================================================================
|    Register Name    |   Type    | Width | Bus | MB | AR | AS | SR | SS | ST |
===============================================================================
|       R1_reg        | Flip-flop |   2   |  Y  | N  | Y  | N  | N  | N  | N  |
===============================================================================

Inferred memory devices in process
        in routine BRIDGE line 310 in file
                '../01_RTL/BRIDGE.v'.
===============================================================================
|    Register Name    |   Type    | Width | Bus | MB | AR | AS | SR | SS | ST |
===============================================================================
|     R_READY_reg     | Flip-flop |   1   |  N  | N  | Y  | N  | N  | N  | N  |
===============================================================================

Inferred memory devices in process
        in routine BRIDGE line 334 in file
                '../01_RTL/BRIDGE.v'.
===============================================================================
|    Register Name    |   Type    | Width | Bus | MB | AR | AS | SR | SS | ST |
===============================================================================
|     W_DATA_reg      | Flip-flop |  64   |  Y  | N  | Y  | N  | N  | N  | N  |
|     W_VALID_reg     | Flip-flop |   1   |  N  | N  | Y  | N  | N  | N  | N  |
===============================================================================

Inferred memory devices in process
        in routine BRIDGE line 356 in file
                '../01_RTL/BRIDGE.v'.
===============================================================================
|    Register Name    |   Type    | Width | Bus | MB | AR | AS | SR | SS | ST |
===============================================================================
|   SENT_TO_SD_reg    | Flip-flop |  48   |  Y  | N  | Y  | N  | N  | N  | N  |
===============================================================================

Inferred memory devices in process
        in routine BRIDGE line 379 in file
                '../01_RTL/BRIDGE.v'.
===============================================================================
|    Register Name    |   Type    | Width | Bus | MB | AR | AS | SR | SS | ST |
===============================================================================
|    READ_DATA_reg    | Flip-flop |  64   |  Y  | N  | Y  | N  | N  | N  | N  |
===============================================================================

Inferred memory devices in process
        in routine BRIDGE line 390 in file
                '../01_RTL/BRIDGE.v'.
===============================================================================
|    Register Name    |   Type    | Width | Bus | MB | AR | AS | SR | SS | ST |
===============================================================================
|      MOSI_reg       | Flip-flop |   1   |  N  | N  | N  | Y  | N  | N  | N  |
===============================================================================

Inferred memory devices in process
        in routine BRIDGE line 425 in file
                '../01_RTL/BRIDGE.v'.
===============================================================================
|    Register Name    |   Type    | Width | Bus | MB | AR | AS | SR | SS | ST |
===============================================================================
|     B_READY_reg     | Flip-flop |   1   |  N  | N  | Y  | N  | N  | N  | N  |
===============================================================================

Inferred memory devices in process
        in routine BRIDGE line 444 in file
                '../01_RTL/BRIDGE.v'.
===============================================================================
|    Register Name    |   Type    | Width | Bus | MB | AR | AS | SR | SS | ST |
===============================================================================
|   CRC_16_DATA_reg   | Flip-flop |  16   |  Y  | N  | Y  | N  | N  | N  | N  |
===============================================================================

Inferred memory devices in process
        in routine BRIDGE line 467 in file
                '../01_RTL/BRIDGE.v'.
===============================================================================
|    Register Name    |   Type    | Width | Bus | MB | AR | AS | SR | SS | ST |
===============================================================================
|  AlreadysentAW_reg  | Flip-flop |   1   |  N  | N  | Y  | N  | N  | N  | N  |
===============================================================================

Inferred memory devices in process
        in routine BRIDGE line 498 in file
                '../01_RTL/BRIDGE.v'.
===============================================================================
|    Register Name    |   Type    | Width | Bus | MB | AR | AS | SR | SS | ST |
===============================================================================
|  AlreadysentAR_reg  | Flip-flop |   1   |  N  | N  | Y  | N  | N  | N  | N  |
===============================================================================

Inferred memory devices in process
        in routine BRIDGE line 575 in file
                '../01_RTL/BRIDGE.v'.
===============================================================================
|    Register Name    |   Type    | Width | Bus | MB | AR | AS | SR | SS | ST |
===============================================================================
| count_MISO_Zero_reg | Flip-flop |   4   |  Y  | N  | Y  | N  | N  | N  | N  |
===============================================================================

Inferred memory devices in process
        in routine BRIDGE line 587 in file
                '../01_RTL/BRIDGE.v'.
===============================================================================
|    Register Name    |   Type    | Width | Bus | MB | AR | AS | SR | SS | ST |
===============================================================================
|  DATA_Transfer_reg  | Flip-flop |  88   |  Y  | N  | Y  | N  | N  | N  | N  |
===============================================================================

Inferred memory devices in process
        in routine BRIDGE line 606 in file
                '../01_RTL/BRIDGE.v'.
===============================================================================
|    Register Name    |   Type    | Width | Bus | MB | AR | AS | SR | SS | ST |
===============================================================================
|    out_valid_reg    | Flip-flop |   1   |  N  | N  | Y  | N  | N  | N  | N  |
===============================================================================

Inferred memory devices in process
        in routine BRIDGE line 616 in file
                '../01_RTL/BRIDGE.v'.
===============================================================================
|    Register Name    |   Type    | Width | Bus | MB | AR | AS | SR | SS | ST |
===============================================================================
|  lastresponse_reg   | Flip-flop |   3   |  Y  | N  | Y  | N  | N  | N  | N  |
===============================================================================

Inferred memory devices in process
        in routine BRIDGE line 628 in file
                '../01_RTL/BRIDGE.v'.
===============================================================================
|    Register Name    |   Type    | Width | Bus | MB | AR | AS | SR | SS | ST |
===============================================================================
|    out_data_reg     | Flip-flop |   8   |  Y  | N  | Y  | N  | N  | N  | N  |
===============================================================================
Presto compilation completed successfully. (BRIDGE)
Elaborated 1 design.
Current design is now 'BRIDGE'.
1
# (B-2) read_sverilog
#read_sverilog $DESIGN\.v
# (B-3) set current design
current_design $DESIGN
Current design is 'BRIDGE'.
{BRIDGE}
link

  Linking design 'BRIDGE'
  Using the following designs and libraries:
  --------------------------------------------------------------------------
  BRIDGE                      /RAID2/COURSE/iclab/iclab129/Lab03/Exercise/02_SYN/BRIDGE.db
  slow (library)              /RAID2/COURSE/BackUp/2023_Spring/iclab/iclabta01/umc018/Synthesis/slow.db
  dw_foundation.sldb (library) /usr/cad/synopsys/synthesis/cur/libraries/syn/dw_foundation.sldb

1
#======================================================
#  (C) Global Setting
#======================================================
set_wire_load_mode top
1
# set_operating_conditions -max WCCOM -min BCCOM
# set_wire_load_model -name umc18_wl10 -library slow
#======================================================
#  (D) Set Design Constraints
#======================================================
# (D-1) Setting Clock Constraints
create_clock -name clk -period $CYCLE [get_ports clk] 
1
set_dont_touch_network             [get_clocks clk]
1
set_fix_hold                       [get_clocks clk]
1
set_clock_uncertainty       0.1    [get_clocks clk]
1
# set_clock_latency   -source 0      [get_clocks clk]
# set_clock_latency           1      [get_clocks clk] 
set_input_transition        0.5    [all_inputs] 
1
set_clock_transition        0.1    [all_clocks] 
1
# (D-2) Setting in/out Constraints
set_input_delay   -max  $INPUT_DLY  -clock clk   [all_inputs] ;  # set_up time check 
1
set_input_delay   -min  0           -clock clk   [all_inputs] ;  # hold   time check 
1
set_output_delay  -max  $OUTPUT_DLY -clock clk   [all_outputs] ; # set_up time check 
1
set_output_delay  -min  0           -clock clk   [all_outputs] ; # hold   time check 
1
set_input_delay 0 -clock clk clk
1
set_input_delay 0 -clock clk rst_n
1
#set_max_delay $CYCLE -from [all_inputs] -to [all_outputs]
# (D-3) Setting Design Environment
# set_driving_cell -library umc18io3v5v_slow -lib_cell P2C    -pin {Y}  [get_ports clk]
# set_driving_cell -library umc18io3v5v_slow -lib_cell P2C    -pin {Y}  [remove_from_collection [all_inputs] [get_ports clk]]
# set_load  [load_of "umc18io3v5v_slow/P8C/A"]       [all_outputs] ; # ~= 0.038
set_load 0.05 [all_outputs]
1
# (D-4) Setting DRC Constraint
#set_max_delay           0     ; # Optimize delay max effort                 
#set_max_area            0      ; # Optimize area max effort           
set_max_transition      3       [all_inputs]   ; # U18 LUT Max Transition Value  
1
set_max_capacitance     0.15    [all_inputs]   ; # U18 LUT Max Capacitance Value
1
set_max_fanout          10      [all_inputs]
1
# set_dont_use slow/JKFF*
#set_dont_touch [get_cells core_reg_macro]
#set hdlin_ff_always_sync_set_reset true
# (D-5) Report Clock skew
report_clock -skew clk
Information: Checking out the license 'DesignWare'. (SEC-104)
Information: Updating design information... (UID-85)
Warning: Design 'BRIDGE' contains 1 high-fanout nets. A fanout number of 1000 will be used for delay calculations involving these nets. (TIM-134)
 
****************************************
Report : clock_skew
Design : BRIDGE
Version: T-2022.03
Date   : Mon Jan 22 14:31:15 2024
****************************************

                 Rise      Fall  Min Rise  Min fall        Uncertainty
Object          Delay     Delay     Delay     Delay     Plus      Minus
--------------------------------------------------------------------------------
clk                 -         -         -         -      0.10      0.10

                 Max Transition      Min Transition
Object           Rise      Fall      Rise      Fall
-------------------------------------------------------
clk              0.10      0.10      0.10      0.10
1
check_timing

Information: Checking generated_clocks...

Information: Checking loops...

Information: Checking no_input_delay...

Information: Checking unconstrained_endpoints...

Information: Checking pulse_clock_cell_type...

Information: Checking no_driving_cell...

Information: Checking partial_input_delay...
1
#======================================================
#  (E) Optimization
#======================================================
check_design > Report/$DESIGN\.check
set_fix_multiple_port_nets -all -buffer_constants [get_designs *]
1
set_fix_hold [all_clocks]
1
compile_ultra
Information: Performing power optimization. (PWR-850)
Analyzing: "/RAID2/COURSE/BackUp/2023_Spring/iclab/iclabta01/umc018/Synthesis/slow.db"
Library analysis succeeded.
Information: Running optimization using a maximum of 4 cores. (OPT-1500)
Information: Evaluating DesignWare library utilization. (UISN-27)

============================================================================
| DesignWare Building Block Library  |         Version         | Available |
============================================================================
| Basic DW Building Blocks           | S-2021.06-DWBB_202106.0 |     *     |
| Licensed DW Building Blocks        | S-2021.06-DWBB_202106.0 |     *     |
============================================================================

====================================================================================================
| Flow Information                                                                                 |
----------------------------------------------------------------------------------------------------
| Flow         | Design Compiler NXT WLM                                                           |
| Comand line  | compile_ultra                                                                     |
====================================================================================================
| Design Information                                      | Value                                  |
====================================================================================================
| Number of Scenarios                                     | 0                                      |
| Leaf Cell Count                                         | 3002                                   |
| Number of User Hierarchies                              | 0                                      |
| Sequential Cell Count                                   | 384                                    |
| Macro Count                                             | 0                                      |
| Number of Power Domains                                 | 0                                      |
| Number of Path Groups                                   | 2                                      |
| Number of VT class                                      | 0                                      |
| Number of Clocks                                        | 1                                      |
| Number of Dont Touch cells                              | 647                                    |
| Number of Dont Touch nets                               | 1                                      |
| Number of size only cells                               | 0                                      |
| Design with UPF Data                                    | false                                  |
----------------------------------------------------------------------------------------------------
| Variables                                               | Value                                  |
----------------------------------------------------------------------------------------------------
| set_fix_multiple_port_nets                              | -all -buffer_constants                 |
====================================================================================================
Information: Sequential output inversion is enabled.  SVF file must be used for formal verification. (OPT-1208)

Information: There are 18 potential problems in your design. Please run 'check_design' for more information. (LINT-99)

  Simplifying Design 'BRIDGE'

Loaded alib file './alib-52/slow.db.alib'
  Building model 'DW01_NAND2'
Information: Ungrouping 0 of 1 hierarchies before Pass 1 (OPT-775)
Information: State dependent leakage is now switched from on to off.

  Beginning Pass 1 Mapping
  ------------------------
  Processing 'BRIDGE'
Information: Added key list 'DesignWare' to design 'BRIDGE'. (DDB-72)
Information: The register 'address_dram_reg[13]' is a constant and will be removed. (OPT-1206)
Information: The register 'address_dram_reg[14]' is a constant and will be removed. (OPT-1206)
Information: The register 'address_dram_reg[15]' is a constant and will be removed. (OPT-1206)
Information: The register 'address_dram_reg[16]' is a constant and will be removed. (OPT-1206)
Information: The register 'address_dram_reg[17]' is a constant and will be removed. (OPT-1206)
Information: The register 'address_dram_reg[18]' is a constant and will be removed. (OPT-1206)
Information: The register 'address_dram_reg[19]' is a constant and will be removed. (OPT-1206)
Information: The register 'address_dram_reg[20]' is a constant and will be removed. (OPT-1206)
Information: The register 'address_dram_reg[21]' is a constant and will be removed. (OPT-1206)
Information: The register 'address_dram_reg[22]' is a constant and will be removed. (OPT-1206)
Information: The register 'address_dram_reg[23]' is a constant and will be removed. (OPT-1206)
Information: The register 'address_dram_reg[24]' is a constant and will be removed. (OPT-1206)
Information: The register 'address_dram_reg[25]' is a constant and will be removed. (OPT-1206)
Information: The register 'address_dram_reg[26]' is a constant and will be removed. (OPT-1206)
Information: The register 'address_dram_reg[27]' is a constant and will be removed. (OPT-1206)
Information: The register 'address_dram_reg[28]' is a constant and will be removed. (OPT-1206)
Information: The register 'address_dram_reg[29]' is a constant and will be removed. (OPT-1206)
Information: The register 'address_dram_reg[30]' is a constant and will be removed. (OPT-1206)
Information: The register 'address_dram_reg[31]' is a constant and will be removed. (OPT-1206)
Information: The register 'address_sd_reg[16]' is a constant and will be removed. (OPT-1206)
Information: The register 'address_sd_reg[17]' is a constant and will be removed. (OPT-1206)
Information: The register 'address_sd_reg[18]' is a constant and will be removed. (OPT-1206)
Information: The register 'address_sd_reg[19]' is a constant and will be removed. (OPT-1206)
Information: The register 'address_sd_reg[20]' is a constant and will be removed. (OPT-1206)
Information: The register 'address_sd_reg[21]' is a constant and will be removed. (OPT-1206)
Information: The register 'address_sd_reg[22]' is a constant and will be removed. (OPT-1206)
Information: The register 'address_sd_reg[23]' is a constant and will be removed. (OPT-1206)
Information: The register 'address_sd_reg[24]' is a constant and will be removed. (OPT-1206)
Information: The register 'address_sd_reg[25]' is a constant and will be removed. (OPT-1206)
Information: The register 'address_sd_reg[26]' is a constant and will be removed. (OPT-1206)
Information: The register 'address_sd_reg[27]' is a constant and will be removed. (OPT-1206)
Information: The register 'address_sd_reg[28]' is a constant and will be removed. (OPT-1206)
Information: The register 'address_sd_reg[29]' is a constant and will be removed. (OPT-1206)
Information: The register 'address_sd_reg[30]' is a constant and will be removed. (OPT-1206)
Information: The register 'address_sd_reg[31]' is a constant and will be removed. (OPT-1206)
Information: The register 'R1_reg[1]' is a constant and will be removed. (OPT-1206)
Information: The register 'SENT_TO_SD_reg[45]' is a constant and will be removed. (OPT-1206)
Information: The register 'SENT_TO_SD_reg[42]' is a constant and will be removed. (OPT-1206)
Information: The register 'SENT_TO_SD_reg[41]' is a constant and will be removed. (OPT-1206)
Information: The register 'SENT_TO_SD_reg[39]' is a constant and will be removed. (OPT-1206)
Information: The register 'SENT_TO_SD_reg[38]' is a constant and will be removed. (OPT-1206)
Information: The register 'SENT_TO_SD_reg[37]' is a constant and will be removed. (OPT-1206)
Information: The register 'SENT_TO_SD_reg[36]' is a constant and will be removed. (OPT-1206)
Information: The register 'SENT_TO_SD_reg[35]' is a constant and will be removed. (OPT-1206)
Information: The register 'SENT_TO_SD_reg[34]' is a constant and will be removed. (OPT-1206)
Information: The register 'SENT_TO_SD_reg[33]' is a constant and will be removed. (OPT-1206)
Information: The register 'SENT_TO_SD_reg[32]' is a constant and will be removed. (OPT-1206)
Information: The register 'SENT_TO_SD_reg[31]' is a constant and will be removed. (OPT-1206)
Information: The register 'SENT_TO_SD_reg[30]' is a constant and will be removed. (OPT-1206)
Information: The register 'SENT_TO_SD_reg[29]' is a constant and will be removed. (OPT-1206)
Information: The register 'SENT_TO_SD_reg[28]' is a constant and will be removed. (OPT-1206)
Information: The register 'SENT_TO_SD_reg[27]' is a constant and will be removed. (OPT-1206)
Information: The register 'SENT_TO_SD_reg[26]' is a constant and will be removed. (OPT-1206)
Information: The register 'SENT_TO_SD_reg[25]' is a constant and will be removed. (OPT-1206)
Information: The register 'SENT_TO_SD_reg[24]' is a constant and will be removed. (OPT-1206)
Information: The register 'SENT_TO_SD_reg[47]' is a constant and will be removed. (OPT-1206)
Information: In design 'BRIDGE', the register 'SENT_TO_SD_reg[44]' is removed because it is merged to 'SENT_TO_SD_reg[46]'. (OPT-1215)
Information: In design 'BRIDGE', the register 'SENT_TO_SD_reg[0]' is removed because it is merged to 'SENT_TO_SD_reg[46]'. (OPT-1215)
 Implement Synthetic for 'BRIDGE'.

  Updating timing information
Information: Updating design information... (UID-85)
Information: The library cell 'HOLDX1' in the library 'slow' is not characterized for internal power. (PWR-536)
Information: The target library(s) contains cell(s), other than black boxes, that are not characterized for internal power. (PWR-24)

  Beginning Mapping Optimizations  (Ultra High effort)
  -------------------------------
Information: There is no timing violation in design BRIDGE. Delay-based auto_ungroup will not be performed. (OPT-780)
  Mapping Optimization (Phase 1)

                                  TOTAL                                                            
   ELAPSED            WORST NEG   SETUP    DESIGN                              LEAKAGE   MIN DELAY 
    TIME      AREA      SLACK     COST    RULE COST         ENDPOINT            POWER      COST    
  --------- --------- --------- --------- --------- ------------------------- --------- -----------
    0:00:05   62446.5      0.00       0.0       0.0                           7774626.5000      0.00  
    0:00:05   62413.2      0.00       0.0       0.0                           7771892.0000      0.00  

  Beginning Constant Register Removal
  -----------------------------------
    0:00:05   62805.8      0.00       0.0       0.0                           7865294.0000      0.00  
    0:00:06   62805.8      0.00       0.0       0.0                           7865294.0000      0.00  

  Beginning Global Optimizations
  ------------------------------
  Numerical Synthesis (Phase 1)
  Numerical Synthesis (Phase 2)
  Global Optimization (Phase 1)
  Global Optimization (Phase 2)
  Global Optimization (Phase 3)
  Global Optimization (Phase 4)
  Global Optimization (Phase 5)
  Global Optimization (Phase 6)
  Global Optimization (Phase 7)
  Global Optimization (Phase 8)
  Global Optimization (Phase 9)
  Global Optimization (Phase 10)
  Global Optimization (Phase 11)
  Global Optimization (Phase 12)
  Global Optimization (Phase 13)
  Global Optimization (Phase 14)
  Global Optimization (Phase 15)
  Global Optimization (Phase 16)
  Global Optimization (Phase 17)
  Global Optimization (Phase 18)
  Global Optimization (Phase 19)
  Global Optimization (Phase 20)
  Global Optimization (Phase 21)
  Global Optimization (Phase 22)
  Global Optimization (Phase 23)
  Global Optimization (Phase 24)
  Global Optimization (Phase 25)
  Global Optimization (Phase 26)
  Global Optimization (Phase 27)
  Global Optimization (Phase 28)
  Global Optimization (Phase 29)
  Global Optimization (Phase 30)

  Beginning Isolate Ports
  -----------------------

  Beginning Delay Optimization
  ----------------------------
    0:00:06   46928.9      0.00       0.0       0.0                           3802409.0000      0.00  
    0:00:06   46928.9      0.00       0.0       0.0                           3802409.0000      0.00  
    0:00:06   46928.9      0.00       0.0       0.0                           3802409.0000      0.00  
    0:00:06   46928.9      0.00       0.0       0.0                           3802409.0000      0.00  
    0:00:06   46928.9      0.00       0.0       0.0                           3802409.0000      0.00  
    0:00:06   46928.9      0.00       0.0       0.0                           3802409.0000      0.00  

  Beginning WLM Backend Optimization
  --------------------------------------
    0:00:07   46745.9      0.00       0.0       0.0                           3765149.5000      0.00  
    0:00:07   46745.9      0.00       0.0       0.0                           3765149.5000      0.00  
    0:00:07   46745.9      0.00       0.0       0.0                           3765149.5000      0.00  
    0:00:07   46609.5      0.00       0.0       0.0                           3321337.5000      0.00  
    0:00:07   46609.5      0.00       0.0       0.0                           3321337.5000      0.00  
    0:00:07   46609.5      0.00       0.0       0.0                           3321337.5000      0.00  
    0:00:07   46609.5      0.00       0.0       0.0                           3321337.5000      0.00  
    0:00:07   46609.5      0.00       0.0       0.0                           3321337.5000      0.00  
    0:00:07   46609.5      0.00       0.0       0.0                           3321337.5000      0.00  
    0:00:07   46609.5      0.00       0.0       0.0                           3321337.5000      0.00  
    0:00:07   46609.5      0.00       0.0       0.0                           3321337.5000      0.00  
    0:00:07   46609.5      0.00       0.0       0.0                           3321337.5000      0.00  
    0:00:07   46609.5      0.00       0.0       0.0                           3321337.5000      0.00  
    0:00:07   46609.5      0.00       0.0       0.0                           3321337.5000      0.00  
    0:00:07   46609.5      0.00       0.0       0.0                           3321337.5000      0.00  
    0:00:07   46609.5      0.00       0.0       0.0                           3321337.5000      0.00  
    0:00:07   46609.5      0.00       0.0       0.0                           3321337.5000      0.00  
    0:00:07   46609.5      0.00       0.0       0.0                           3321337.5000      0.00  
    0:00:07   46609.5      0.00       0.0       0.0                           3321337.5000      0.00  
    0:00:07   46609.5      0.00       0.0       0.0                           3321337.5000      0.00  
    0:00:07   46609.5      0.00       0.0       0.0                           3321337.5000      0.00  
    0:00:07   46609.5      0.00       0.0       0.0                           3321337.5000      0.00  
    0:00:07   46609.5      0.00       0.0       0.0                           3321337.5000      0.00  
    0:00:07   46609.5      0.00       0.0       0.0                           3321337.5000      0.00  


  Beginning Leakage Power Optimization  (max_leakage_power 0)
  ------------------------------------

                                  TOTAL                                                            
   ELAPSED            WORST NEG   SETUP    DESIGN                              LEAKAGE   MIN DELAY 
    TIME      AREA      SLACK     COST    RULE COST         ENDPOINT            POWER      COST    
  --------- --------- --------- --------- --------- ------------------------- --------- -----------
    0:00:07   46609.5      0.00       0.0       0.0                           3321337.5000      0.00  
  Global Optimization (Phase 31)
  Global Optimization (Phase 32)
  Global Optimization (Phase 33)
  Global Optimization (Phase 34)
  Global Optimization (Phase 35)
  Global Optimization (Phase 36)
  Global Optimization (Phase 37)
  Global Optimization (Phase 38)
  Global Optimization (Phase 39)
  Global Optimization (Phase 40)
  Global Optimization (Phase 41)
  Global Optimization (Phase 42)
    0:00:07   47787.1      0.00       0.0       0.0                           3454109.7500      0.00  
    0:00:07   47787.1      0.00       0.0       0.0                           3454109.7500      0.00  
    0:00:07   47787.1      0.00       0.0       0.0                           3454109.7500      0.00  
    0:00:07   46722.6      0.00       0.0       0.0                           3280095.5000      0.00  
    0:00:07   46722.6      0.00       0.0       0.0                           3280095.5000      0.00  
    0:00:07   46722.6      0.00       0.0       0.0                           3280095.5000      0.00  
    0:00:07   46722.6      0.00       0.0       0.0                           3280095.5000      0.00  
    0:00:07   46722.6      0.00       0.0       0.0                           3280095.5000      0.00  
    0:00:07   46722.6      0.00       0.0       0.0                           3280095.5000      0.00  
    0:00:07   46722.6      0.00       0.0       0.0                           3280095.5000      0.00  
    0:00:07   46722.6      0.00       0.0       0.0                           3280095.5000      0.00  
    0:00:07   46722.6      0.00       0.0       0.0                           3280095.5000      0.00  
    0:00:07   46722.6      0.00       0.0       0.0                           3280095.5000      0.00  
    0:00:07   46722.6      0.00       0.0       0.0                           3280095.5000      0.00  
    0:00:07   46722.6      0.00       0.0       0.0                           3280095.5000      0.00  
    0:00:07   46722.6      0.00       0.0       0.0                           3280095.5000      0.00  
    0:00:07   46722.6      0.00       0.0       0.0                           3280095.5000      0.00  
    0:00:07   46722.6      0.00       0.0       0.0                           3280095.5000      0.00  
    0:00:07   46722.6      0.00       0.0       0.0                           3280095.5000      0.00  
    0:00:07   46722.6      0.00       0.0       0.0                           3280095.5000      0.00  
    0:00:07   46722.6      0.00       0.0       0.0                           3280095.5000      0.00  
    0:00:07   46722.6      0.00       0.0       0.0                           3280095.5000      0.00  

                                  TOTAL                                                            
   ELAPSED            WORST NEG   SETUP    DESIGN                              LEAKAGE   MIN DELAY 
    TIME      AREA      SLACK     COST    RULE COST         ENDPOINT            POWER      COST    
  --------- --------- --------- --------- --------- ------------------------- --------- -----------
    0:00:07   47101.8      0.00       0.0       0.0                           3289498.5000      0.00  
    0:00:07   46995.4      0.00       0.0       0.0                           3310268.7500      0.00  
    0:00:07   46995.4      0.00       0.0       0.0                           3310268.7500      0.00  
    0:00:07   46995.4      0.00       0.0       0.0                           3310268.7500      0.00  
    0:00:07   46998.7      0.00       0.0       0.0                           3293897.2500      0.00  
    0:00:07   47041.9      0.00       0.0       0.0                           3284654.7500      0.00  
    0:00:07   47041.9      0.00       0.0       0.0                           3284654.7500      0.00  
    0:00:07   47041.9      0.00       0.0       0.0                           3284654.7500      0.00  
    0:00:07   47041.9      0.00       0.0       0.0                           3284654.7500      0.00  
    0:00:07   47041.9      0.00       0.0       0.0                           3284654.7500      0.00  
    0:00:07   47041.9      0.00       0.0       0.0                           3284654.7500      0.00  
Loading db file '/RAID2/COURSE/BackUp/2023_Spring/iclab/iclabta01/umc018/Synthesis/slow.db'


Note: Symbol # after min delay cost means estimated hold TNS across all active scenarios 


  Optimization Complete
  ---------------------
Information: State dependent leakage is now switched from off to on.
Information: Propagating switching activity (low effort zero delay simulation). (PWR-6)
1
#uniquify
#compile
#======================================================
#  (F) Output Reports 
#======================================================
report_design  >  Report/$DESIGN\.design
report_resource >  Report/$DESIGN\.resource
report_timing -max_paths 3 >  Report/$DESIGN\.timing
report_area >  Report/$DESIGN\.area
report_power > Report/$DESIGN\.power
report_clock > Report/$DESIGN\.clock
report_port >  Report/$DESIGN\.port
report_power >  Report/$DESIGN\.power
#report_reference > Report/$DESIGN\.reference
#======================================================
#  (G) Change Naming Rule
#======================================================
set bus_inference_style "%s\[%d\]"
%s[%d]
set bus_naming_style "%s\[%d\]"
%s[%d]
set hdlout_internal_busses true
true
change_names -hierarchy -rule verilog
1
define_name_rules name_rule -allowed "a-z A-Z 0-9 _" -max_length 255 -type cell
1
define_name_rules name_rule -allowed "a-z A-Z 0-9 _[]" -max_length 255 -type net
1
define_name_rules name_rule -map {{"\\*cell\\*" "cell"}}
1
define_name_rules name_rule -case_insensitive
1
change_names -hierarchy -rules name_rule
1
#======================================================
#  (H) Output Results
#======================================================
set verilogout_higher_designs_first true
true
write -format verilog -output Netlist/$DESIGN\_SYN.v -hierarchy
Writing verilog file '/RAID2/COURSE/iclab/iclab129/Lab03/Exercise/02_SYN/Netlist/BRIDGE_SYN.v'.
1
write -format ddc     -hierarchy -output $DESIGN\_SYN.ddc
Writing ddc file 'BRIDGE_SYN.ddc'.
1
write_sdf -version 3.0 -context verilog -load_delay cell Netlist/$DESIGN\_SYN.sdf -significant_digits 6
Information: Writing timing information to file '/RAID2/COURSE/iclab/iclab129/Lab03/Exercise/02_SYN/Netlist/BRIDGE_SYN.sdf'. (WT-3)
1
write_sdc Netlist/$DESIGN\_SYN.sdc
1
#======================================================
#  (I) Finish and Quit
#======================================================
report_area
 
****************************************
Report : area
Design : BRIDGE
Version: T-2022.03
Date   : Mon Jan 22 14:32:19 2024
****************************************

Library(s) Used:

    slow (File: /RAID2/COURSE/BackUp/2023_Spring/iclab/iclabta01/umc018/Synthesis/slow.db)

Number of ports:                          250
Number of nets:                          1930
Number of cells:                         1827
Number of combinational cells:           1463
Number of sequential cells:               326
Number of macros/black boxes:               0
Number of buf/inv:                        253
Number of references:                      40

Combinational area:              24272.741139
Buf/Inv area:                     2538.043291
Noncombinational area:           22769.208206
Macro/Black Box area:                0.000000
Net Interconnect area:      undefined  (No wire load specified)

Total cell area:                 47041.949346
Total area:                 undefined
1
report_timing 
 
****************************************
Report : timing
        -path full
        -delay max
        -max_paths 1
Design : BRIDGE
Version: T-2022.03
Date   : Mon Jan 22 14:32:19 2024
****************************************

Operating Conditions: slow   Library: slow
Wire Load Model Mode: top

  Startpoint: AW_READY (input port clocked by clk)
  Endpoint: W_DATA_reg_9_
            (rising edge-triggered flip-flop clocked by clk)
  Path Group: clk
  Path Type: max

  Point                                    Incr       Path
  -----------------------------------------------------------
  clock clk (rise edge)                    0.00       0.00
  clock network delay (ideal)              0.00       0.00
  input external delay                    20.00      20.00 f
  AW_READY (in)                            0.00      20.00 f
  U1823/Y (NAND2X1)                        1.32      21.32 r
  U1746/Y (INVXL)                          0.66      21.98 f
  U1824/Y (OAI21XL)                        1.74      23.73 r
  U1566/Y (BUFXL)                          0.66      24.39 r
  U2650/Y (OAI2BB2XL)                      0.28      24.67 r
  W_DATA_reg_9_/D (DFFRHQXL)               0.00      24.67 r
  data arrival time                                  24.67

  clock clk (rise edge)                   40.00      40.00
  clock network delay (ideal)              0.00      40.00
  clock uncertainty                       -0.10      39.90
  W_DATA_reg_9_/CK (DFFRHQXL)              0.00      39.90 r
  library setup time                      -0.18      39.72
  data required time                                 39.72
  -----------------------------------------------------------
  data required time                                 39.72
  data arrival time                                 -24.67
  -----------------------------------------------------------
  slack (MET)                                        15.05


1
exit

Memory usage for this session 229 Mbytes.
Memory usage for this session including child processes 403 Mbytes.
CPU usage for this session 64 seconds ( 0.02 hours ).
Elapsed time for this session 69 seconds ( 0.02 hours ).

Thank you...

