#======================================================
#
# Synopsys Synthesis Scripts (Design Vision dctcl mode)
#
#======================================================
#======================================================
# (A) Global Parameters
#======================================================
set DESIGN "CC"
CC
set CYCLE 12
12
set INPUT_DLY [expr 0.5*$CYCLE]
6.0
set OUTPUT_DLY [expr 0.5*$CYCLE]
6.0
#======================================================
# (B) Read RTL Code
#======================================================
# (B-1) analyze + elaborate
set hdlin_auto_save_templates TRUE
TRUE
analyze -f sverilog $DESIGN\.v 
Running PRESTO HDLC
Compiling source file ../01_RTL/CC.v
Presto compilation completed successfully.
Loading db file '/RAID2/COURSE/BackUp/2023_Spring/iclab/iclabta01/umc018/Synthesis/slow.db'
Loading db file '/usr/cad/synopsys/synthesis/cur/libraries/syn/dw_foundation.sldb'
Loading db file '/usr/cad/synopsys/synthesis/cur/libraries/syn/standard.sldb'
1
elaborate $DESIGN  
Loading db file '/usr/cad/synopsys/synthesis/2022.03/libraries/syn/gtech.db'
Loading db file '/usr/cad/synopsys/synthesis/2022.03/libraries/syn/standard.sldb'
  Loading link library 'slow'
  Loading link library 'gtech'
Running PRESTO HDLC
Warning:  ../01_RTL/CC.v:64: unsigned to signed assignment occurs. (VER-318)
Warning:  ../01_RTL/CC.v:65: unsigned to signed assignment occurs. (VER-318)
Warning:  ../01_RTL/CC.v:70: unsigned to signed assignment occurs. (VER-318)
Warning:  ../01_RTL/CC.v:71: unsigned to signed assignment occurs. (VER-318)
Warning:  ../01_RTL/CC.v:76: unsigned to signed assignment occurs. (VER-318)
Warning:  ../01_RTL/CC.v:77: unsigned to signed assignment occurs. (VER-318)
Warning:  ../01_RTL/CC.v:81: unsigned to signed assignment occurs. (VER-318)
Warning:  ../01_RTL/CC.v:82: unsigned to signed assignment occurs. (VER-318)
Warning:  ../01_RTL/CC.v:123: signed to unsigned part selection occurs. (VER-318)
Warning:  ../01_RTL/CC.v:125: signed to unsigned assignment occurs. (VER-318)
Warning:  ../01_RTL/CC.v:126: signed to unsigned assignment occurs. (VER-318)

Statistics for case statements in always block at line 36 in file
        '../01_RTL/CC.v'
===============================================
|           Line           |  full/ parallel  |
===============================================
|            62            |    auto/auto     |
===============================================

Inferred memory devices in process
        in routine CC line 36 in file
                '../01_RTL/CC.v'.
===============================================================================
|    Register Name    |   Type    | Width | Bus | MB | AR | AS | SR | SS | ST |
===============================================================================
|    out_valid_reg    | Flip-flop |   1   |  N  | N  | Y  | N  | N  | N  | N  |
|       xo_reg        | Flip-flop |   8   |  Y  | N  | Y  | N  | N  | N  | N  |
|       yo_reg        | Flip-flop |   8   |  Y  | N  | Y  | N  | N  | N  | N  |
|       C_x_reg       | Flip-flop |   8   |  Y  | N  | Y  | N  | N  | N  | N  |
|       C_y_reg       | Flip-flop |   8   |  Y  | N  | Y  | N  | N  | N  | N  |
|       D_x_reg       | Flip-flop |   8   |  Y  | N  | Y  | N  | N  | N  | N  |
|       D_y_reg       | Flip-flop |   8   |  Y  | N  | Y  | N  | N  | N  | N  |
|       A_x_reg       | Flip-flop |   8   |  Y  | N  | Y  | N  | N  | N  | N  |
|       A_y_reg       | Flip-flop |   8   |  Y  | N  | Y  | N  | N  | N  | N  |
|       B_x_reg       | Flip-flop |   8   |  Y  | N  | Y  | N  | N  | N  | N  |
|       B_y_reg       | Flip-flop |   8   |  Y  | N  | Y  | N  | N  | N  | N  |
|      step_reg       | Flip-flop |   2   |  Y  | N  | Y  | N  | N  | N  | N  |
|       mod_reg       | Flip-flop |   2   |  Y  | N  | Y  | N  | N  | N  | N  |
|     Delt_Y1_reg     | Flip-flop |   9   |  Y  | N  | Y  | N  | N  | N  | N  |
|     Delt_X1_reg     | Flip-flop |   9   |  Y  | N  | Y  | N  | N  | N  | N  |
|     Delt_X2_reg     | Flip-flop |   9   |  Y  | N  | Y  | N  | N  | N  | N  |
|      flag_reg       | Flip-flop |   1   |  N  | N  | Y  | N  | N  | N  | N  |
===============================================================================
Presto compilation completed successfully. (CC)
Elaborated 1 design.
Current design is now 'CC'.
1
# (B-2) read_sverilog
#read_sverilog $DESIGN\.v
# (B-3) set current design
current_design $DESIGN
Current design is 'CC'.
{CC}
link

  Linking design 'CC'
  Using the following designs and libraries:
  --------------------------------------------------------------------------
  CC                          /RAID2/COURSE/iclab/iclab129/Lab02/Exercise/02_SYN/CC.db
  slow (library)              /RAID2/COURSE/BackUp/2023_Spring/iclab/iclabta01/umc018/Synthesis/slow.db
  dw_foundation.sldb (library) /usr/cad/synopsys/synthesis/cur/libraries/syn/dw_foundation.sldb

1
#======================================================
#  (C) Global Setting
#======================================================
#set_wire_load_mode top
#set_operating_conditions -max WCCOM -min BCCOM
#set_wire_load_model -name umc18_wl10 -library slow
#======================================================
#  (D) Set Design Constraints
#======================================================
# (D-1) Setting Clock Constraints
create_clock -name clk -period $CYCLE [get_ports clk] 
1
set_dont_touch_network             [get_clocks clk]
1
set_fix_hold                       [get_clocks clk]
1
set_clock_uncertainty       0.1    [get_clocks clk]
1
# set_clock_latency   -source 0      [get_clocks clk]
# set_clock_latency           1      [get_clocks clk] 
set_input_transition        0.5    [all_inputs] 
1
set_clock_transition        0.1    [all_clocks] 
1
# (D-2) Setting in/out Constraints
set_input_delay   -max  $INPUT_DLY  -clock clk   [all_inputs] ;  # set_up time check 
1
set_input_delay   -min  0           -clock clk   [all_inputs] ;  # hold   time check 
1
set_output_delay  -max  $OUTPUT_DLY -clock clk   [all_outputs] ; # set_up time check 
1
set_output_delay  -min  0           -clock clk   [all_outputs] ; # hold   time check 
1
set_input_delay 0 -clock clk clk
1
set_input_delay 0 -clock clk rst_n
1
#set_max_delay $CYCLE -from [all_inputs] -to [all_outputs]
# (D-3) Setting Design Environment
# set_driving_cell -library umc18io3v5v_slow -lib_cell P2C    -pin {Y}  [get_ports clk]
# set_driving_cell -library umc18io3v5v_slow -lib_cell P2C    -pin {Y}  [remove_from_collection [all_inputs] [get_ports clk]]
# set_load  [load_of "umc18io3v5v_slow/P8C/A"]       [all_outputs] ; # ~= 0.038
set_load 0.05 [all_outputs]
1
# (D-4) Setting DRC Constraint
#set_max_delay           0     ; # Optimize delay max effort                 
#set_max_area            0      ; # Optimize area max effort           
set_max_transition      3       [all_inputs]   ; # U18 LUT Max Transition Value  
1
set_max_capacitance     0.15    [all_inputs]   ; # U18 LUT Max Capacitance Value
1
set_max_fanout          10      [all_inputs]
1
# set_dont_use slow/JKFF*
#set_dont_touch [get_cells core_reg_macro]
#set hdlin_ff_always_sync_set_reset true
# (D-5) Report Clock skew
report_clock -skew clk
Information: Checking out the license 'DesignWare'. (SEC-104)
  Allocating blocks in 'DW_div_tc_a_width17_b_width9'
  Allocating blocks in 'DW_div_a_width17_b_width9_tc_mode1_rem_mode1'
  Allocating blocks in 'DW01_absval_width17'
Warning: Design 'DW_div_tc_a_width17_b_width9' inherited license information from design 'DW_div_a_width17_b_width9_tc_mode1_rem_mode1'. (DDB-74)
Information: Updating design information... (UID-85)
Warning: Design 'CC' contains 1 high-fanout nets. A fanout number of 1000 will be used for delay calculations involving these nets. (TIM-134)
 
****************************************
Report : clock_skew
Design : CC
Version: T-2022.03
Date   : Mon Jan 22 13:35:05 2024
****************************************

                 Rise      Fall  Min Rise  Min fall        Uncertainty
Object          Delay     Delay     Delay     Delay     Plus      Minus
--------------------------------------------------------------------------------
clk                 -         -         -         -      0.10      0.10

                 Max Transition      Min Transition
Object           Rise      Fall      Rise      Fall
-------------------------------------------------------
clk              0.10      0.10      0.10      0.10
1
check_timing

Information: Checking generated_clocks...

Information: Checking loops...

Information: Checking no_input_delay...

Information: Checking unconstrained_endpoints...

Information: Checking pulse_clock_cell_type...

Information: Checking no_driving_cell...

Information: Checking partial_input_delay...
1
#======================================================
#  (E) Optimization
#======================================================
check_design > Report/$DESIGN\.check
set_fix_multiple_port_nets -all -buffer_constants [get_designs *]
1
set_fix_hold [all_clocks]
1
compile_ultra
Information: Performing power optimization. (PWR-850)
Analyzing: "/RAID2/COURSE/BackUp/2023_Spring/iclab/iclabta01/umc018/Synthesis/slow.db"
Library analysis succeeded.
Information: Running optimization using a maximum of 4 cores. (OPT-1500)
Information: Evaluating DesignWare library utilization. (UISN-27)

============================================================================
| DesignWare Building Block Library  |         Version         | Available |
============================================================================
| Basic DW Building Blocks           | S-2021.06-DWBB_202106.0 |     *     |
| Licensed DW Building Blocks        | S-2021.06-DWBB_202106.0 |     *     |
============================================================================

====================================================================================================
| Flow Information                                                                                 |
----------------------------------------------------------------------------------------------------
| Flow         | Design Compiler NXT WLM                                                           |
| Comand line  | compile_ultra                                                                     |
====================================================================================================
| Design Information                                      | Value                                  |
====================================================================================================
| Number of Scenarios                                     | 0                                      |
| Leaf Cell Count                                         | 316                                    |
| Number of User Hierarchies                              | 0                                      |
| Sequential Cell Count                                   | 113                                    |
| Macro Count                                             | 0                                      |
| Number of Power Domains                                 | 0                                      |
| Number of Path Groups                                   | 2                                      |
| Number of VT class                                      | 0                                      |
| Number of Clocks                                        | 1                                      |
| Number of Dont Touch cells                              | 57                                     |
| Number of Dont Touch nets                               | 1                                      |
| Number of size only cells                               | 0                                      |
| Design with UPF Data                                    | false                                  |
----------------------------------------------------------------------------------------------------
| Variables                                               | Value                                  |
----------------------------------------------------------------------------------------------------
| set_fix_multiple_port_nets                              | -all -buffer_constants                 |
====================================================================================================
Information: Sequential output inversion is enabled.  SVF file must be used for formal verification. (OPT-1208)

Information: There are 27 potential problems in your design. Please run 'check_design' for more information. (LINT-99)

  Simplifying Design 'CC'

Loaded alib file './alib-52/slow.db.alib'
  Building model 'DW01_NAND2'
Information: Ungrouping 0 of 1 hierarchies before Pass 1 (OPT-775)
Information: State dependent leakage is now switched from on to off.

  Beginning Pass 1 Mapping
  ------------------------
  Processing 'CC'
Information: Added key list 'DesignWare' to design 'CC'. (DDB-72)
 Implement Synthetic for 'CC'.
  Processing 'CC_DW_div_tc_J1_0'
  Processing 'CC_DW01_absval_J1_0'
  Processing 'CC_DW01_inc_J1_0'
  Processing 'CC_DW_div_tc_J1_1'
  Processing 'CC_DW01_absval_J1_1'
  Processing 'CC_DW01_inc_J1_1'
  Processing 'CC_DW_div_tc_J1_2'
  Processing 'CC_DW01_absval_J1_2'
  Processing 'CC_DW01_inc_J1_2'
  Processing 'CC_DW_div_tc_J1_3'
  Processing 'CC_DW01_absval_J1_3'
  Processing 'CC_DW01_inc_J1_3'

  Updating timing information
Information: Updating design information... (UID-85)
Information: The library cell 'HOLDX1' in the library 'slow' is not characterized for internal power. (PWR-536)
Information: The target library(s) contains cell(s), other than black boxes, that are not characterized for internal power. (PWR-24)

  Beginning Mapping Optimizations  (Ultra High effort)
  -------------------------------
....
...
  Mapping Optimization (Phase 1)
  Mapping Optimization (Phase 2)

                                  TOTAL                                                            
   ELAPSED            WORST NEG   SETUP    DESIGN                              LEAKAGE   MIN DELAY 
    TIME      AREA      SLACK     COST    RULE COST         ENDPOINT            POWER      COST    
  --------- --------- --------- --------- --------- ------------------------- --------- -----------
    0:03:07  512767.9      0.34       4.9       5.0                           83280800.0000      0.00  
    0:03:07  507784.9      0.85      12.5       5.0                           82511352.0000      0.00  

  Beginning Constant Register Removal
  -----------------------------------
    0:03:08  508832.8      0.82      12.3       5.0                           82770952.0000      0.00  
    0:03:08  508832.8      0.82      12.3       5.0                           82770952.0000      0.00  

  Beginning Global Optimizations
  ------------------------------
  Numerical Synthesis (Phase 1)
  Numerical Synthesis (Phase 2)
  Global Optimization (Phase 1)
  Global Optimization (Phase 2)
  Global Optimization (Phase 3)
  Global Optimization (Phase 4)
  Global Optimization (Phase 5)
  Global Optimization (Phase 6)
  Global Optimization (Phase 7)
  Global Optimization (Phase 8)
  Global Optimization (Phase 9)
  Global Optimization (Phase 10)
  Global Optimization (Phase 11)
  Global Optimization (Phase 12)
  Global Optimization (Phase 13)
  Global Optimization (Phase 14)
  Global Optimization (Phase 15)
  Global Optimization (Phase 16)
  Global Optimization (Phase 17)
  Global Optimization (Phase 18)
  Global Optimization (Phase 19)
  Global Optimization (Phase 20)
  Global Optimization (Phase 21)
  Global Optimization (Phase 22)
  Global Optimization (Phase 23)
  Global Optimization (Phase 24)
  Global Optimization (Phase 25)
  Global Optimization (Phase 26)
  Global Optimization (Phase 27)
  Global Optimization (Phase 28)
  Global Optimization (Phase 29)
  Global Optimization (Phase 30)
  Global Optimization (Phase 31)

  Beginning Isolate Ports
  -----------------------

  Beginning Delay Optimization
  ----------------------------
    0:03:12  297097.4      2.40      36.8       0.0                           34677328.0000      0.00  
  Mapping 'CC_DP_OP_16J5_134_5751_0'
  Mapping 'CC_DP_OP_140J1_125_7823_2'
  Mapping 'CC_DP_OP_137J1_122_2062_2'
  Mapping 'CC_DP_OP_16_134_5751_2'
  Mapping 'CC_DP_OP_134J1_127_9139_4'
    0:03:16  300899.5      0.00       0.0       0.0                           35617516.0000      0.00  
    0:03:16  300899.5      0.00       0.0       0.0                           35617516.0000      0.00  
    0:03:16  300813.0      0.01       0.0       0.0                           35597092.0000      0.00  
    0:03:29  298471.2      0.01       0.0       0.0                           35357160.0000      0.00  
    0:03:29  274434.7      0.77      10.6       0.0                           32648108.0000      0.00  

  Beginning WLM Backend Optimization
  --------------------------------------
    0:03:41  269847.5      0.53       6.9       0.0                           31816096.0000      0.00  
    0:03:42  269288.7      0.00       0.0       0.0                           31672978.0000      0.00  
    0:03:42  269288.7      0.00       0.0       0.0                           31672978.0000      0.00  
    0:03:43  267006.8      0.00       0.0       0.0                           30645780.0000      0.00  
    0:03:43  267006.8      0.00       0.0       0.0                           30645780.0000      0.00  
    0:03:43  267006.8      0.00       0.0       0.0                           30645780.0000      0.00  
    0:03:43  267006.8      0.00       0.0       0.0                           30645780.0000      0.00  
    0:03:43  267006.8      0.00       0.0       0.0                           30645780.0000      0.00  
    0:03:43  267006.8      0.00       0.0       0.0                           30645780.0000      0.00  
    0:03:43  267006.8      0.00       0.0       0.0                           30645780.0000      0.00  
    0:03:43  267006.8      0.00       0.0       0.0                           30645780.0000      0.00  
    0:03:43  267006.8      0.00       0.0       0.0                           30645780.0000      0.00  
    0:03:43  267006.8      0.00       0.0       0.0                           30645780.0000      0.00  
    0:03:43  267006.8      0.00       0.0       0.0                           30645780.0000      0.00  
    0:03:43  267006.8      0.00       0.0       0.0                           30645780.0000      0.00  
    0:03:43  267006.8      0.00       0.0       0.0                           30645780.0000      0.00  
    0:03:43  267006.8      0.00       0.0       0.0                           30645780.0000      0.00  
    0:03:43  267006.8      0.00       0.0       0.0                           30645780.0000      0.00  
    0:03:43  267006.8      0.00       0.0       0.0                           30645780.0000      0.00  
    0:03:43  267006.8      0.00       0.0       0.0                           30645780.0000      0.00  
    0:03:43  267006.8      0.00       0.0       0.0                           30645780.0000      0.00  
    0:03:43  267006.8      0.00       0.0       0.0                           30645780.0000      0.00  
    0:03:43  267006.8      0.00       0.0       0.0                           30645780.0000      0.00  
    0:03:43  267006.8      0.00       0.0       0.0                           30645780.0000      0.00  


  Beginning Leakage Power Optimization  (max_leakage_power 0)
  ------------------------------------

                                  TOTAL                                                            
   ELAPSED            WORST NEG   SETUP    DESIGN                              LEAKAGE   MIN DELAY 
    TIME      AREA      SLACK     COST    RULE COST         ENDPOINT            POWER      COST    
  --------- --------- --------- --------- --------- ------------------------- --------- -----------
    0:03:43  267006.8      0.00       0.0       0.0                           30645780.0000      0.00  
  Global Optimization (Phase 32)
  Global Optimization (Phase 33)
  Global Optimization (Phase 34)
  Global Optimization (Phase 35)
  Global Optimization (Phase 36)
  Global Optimization (Phase 37)
  Global Optimization (Phase 38)
  Global Optimization (Phase 39)
  Global Optimization (Phase 40)
  Global Optimization (Phase 41)
  Global Optimization (Phase 42)
  Global Optimization (Phase 43)
  Global Optimization (Phase 44)
  Global Optimization (Phase 45)
  Global Optimization (Phase 46)
  Global Optimization (Phase 47)
    0:03:49  266181.9      0.00       0.0       0.0                           29309450.0000      0.00  
    0:03:49  266181.9      0.00       0.0       0.0                           29309450.0000      0.00  
    0:03:49  266181.9      0.00       0.0       0.0                           29309450.0000      0.00  
    0:03:50  264099.5      0.00       0.0       0.0                           29188724.0000      0.00  
    0:03:50  264099.5      0.00       0.0       0.0                           29188724.0000      0.00  
    0:03:50  264099.5      0.00       0.0       0.0                           29188724.0000      0.00  
    0:03:50  264099.5      0.00       0.0       0.0                           29188724.0000      0.00  
    0:03:50  264099.5      0.00       0.0       0.0                           29188724.0000      0.00  
    0:03:50  264099.5      0.00       0.0       0.0                           29188724.0000      0.00  
    0:03:50  264099.5      0.00       0.0       0.0                           29188724.0000      0.00  
    0:03:50  264099.5      0.00       0.0       0.0                           29188724.0000      0.00  
    0:03:50  264099.5      0.00       0.0       0.0                           29188724.0000      0.00  
    0:03:50  264099.5      0.00       0.0       0.0                           29188724.0000      0.00  
    0:03:50  264099.5      0.00       0.0       0.0                           29188724.0000      0.00  
    0:03:50  264099.5      0.00       0.0       0.0                           29188724.0000      0.00  
    0:03:50  264099.5      0.00       0.0       0.0                           29188724.0000      0.00  
    0:03:50  264099.5      0.00       0.0       0.0                           29188724.0000      0.00  
    0:03:50  264099.5      0.00       0.0       0.0                           29188724.0000      0.00  
    0:03:50  264099.5      0.00       0.0       0.0                           29188724.0000      0.00  
    0:03:50  264099.5      0.00       0.0       0.0                           29188724.0000      0.00  
    0:03:50  264099.5      0.00       0.0       0.0                           29188724.0000      0.00  
    0:03:50  264099.5      0.00       0.0       0.0                           29188724.0000      0.00  

                                  TOTAL                                                            
   ELAPSED            WORST NEG   SETUP    DESIGN                              LEAKAGE   MIN DELAY 
    TIME      AREA      SLACK     COST    RULE COST         ENDPOINT            POWER      COST    
  --------- --------- --------- --------- --------- ------------------------- --------- -----------
    0:03:50  264099.5      0.00       0.0       0.0                           29188724.0000      0.00  
    0:03:51  257646.3      0.00       0.0       0.0                           28196026.0000      0.00  
    0:03:51  257646.3      0.00       0.0       0.0                           28196026.0000      0.00  
    0:03:51  257646.3      0.00       0.0       0.0                           28196026.0000      0.00  
    0:03:52  257633.0      0.00       0.0       0.0                           28184300.0000      0.00  
    0:03:53  256854.6      0.00       0.0       0.0                           27860254.0000      0.00  
    0:03:53  256854.6      0.00       0.0       0.0                           27860254.0000      0.00  
    0:03:53  256854.6      0.00       0.0       0.0                           27860254.0000      0.00  
    0:03:53  256854.6      0.00       0.0       0.0                           27860254.0000      0.00  
    0:03:53  256854.6      0.00       0.0       0.0                           27860254.0000      0.00  
    0:03:53  256854.6      0.00       0.0       0.0                           27860254.0000      0.00  
    0:03:54  254556.1      0.00       0.0       0.0                           27502146.0000      0.00  
Loading db file '/RAID2/COURSE/BackUp/2023_Spring/iclab/iclabta01/umc018/Synthesis/slow.db'


Note: Symbol # after min delay cost means estimated hold TNS across all active scenarios 


  Optimization Complete
  ---------------------
Information: State dependent leakage is now switched from off to on.
Information: Propagating switching activity (low effort zero delay simulation). (PWR-6)
1
#uniquify
#compile
#======================================================
#  (F) Output Reports 
#======================================================
report_design  >  Report/$DESIGN\.design
report_resource >  Report/$DESIGN\.resource
report_timing -max_paths 3 >  Report/$DESIGN\.timing
report_area >  Report/$DESIGN\.area
report_power > Report/$DESIGN\.power
report_clock > Report/$DESIGN\.clock
report_port >  Report/$DESIGN\.port
report_power >  Report/$DESIGN\.power
#report_reference > Report/$DESIGN\.reference
#======================================================
#  (G) Change Naming Rule
#======================================================
set bus_inference_style "%s\[%d\]"
%s[%d]
set bus_naming_style "%s\[%d\]"
%s[%d]
set hdlout_internal_busses true
true
change_names -hierarchy -rule verilog
1
define_name_rules name_rule -allowed "a-z A-Z 0-9 _" -max_length 255 -type cell
1
define_name_rules name_rule -allowed "a-z A-Z 0-9 _[]" -max_length 255 -type net
1
define_name_rules name_rule -map {{"\\*cell\\*" "cell"}}
1
define_name_rules name_rule -case_insensitive
1
change_names -hierarchy -rules name_rule
1
#======================================================
#  (H) Output Results
#======================================================
set verilogout_higher_designs_first true
true
write -format verilog -output Netlist/$DESIGN\_SYN.v -hierarchy
Writing verilog file '/RAID2/COURSE/iclab/iclab129/Lab02/Exercise/02_SYN/Netlist/CC_SYN.v'.
1
write -format ddc     -hierarchy -output $DESIGN\_SYN.ddc
Writing ddc file 'CC_SYN.ddc'.
1
write_sdf -version 3.0 -context verilog -load_delay cell Netlist/$DESIGN\_SYN.sdf -significant_digits 6
Information: Writing timing information to file '/RAID2/COURSE/iclab/iclab129/Lab02/Exercise/02_SYN/Netlist/CC_SYN.sdf'. (WT-3)
1
write_sdc Netlist/$DESIGN\_SYN.sdc
1
#======================================================
#  (I) Finish and Quit
#======================================================
report_area
 
****************************************
Report : area
Design : CC
Version: T-2022.03
Date   : Mon Jan 22 13:39:55 2024
****************************************

Library(s) Used:

    slow (File: /RAID2/COURSE/BackUp/2023_Spring/iclab/iclabta01/umc018/Synthesis/slow.db)

Number of ports:                           38
Number of nets:                         10694
Number of cells:                         9191
Number of combinational cells:           9078
Number of sequential cells:               113
Number of macros/black boxes:               0
Number of buf/inv:                       1009
Number of references:                     130

Combinational area:             245222.211382
Buf/Inv area:                    10740.945946
Noncombinational area:            9333.878349
Macro/Black Box area:                0.000000
Net Interconnect area:      undefined  (No wire load specified)

Total cell area:                254556.089731
Total area:                 undefined
1
report_timing 
 
****************************************
Report : timing
        -path full
        -delay max
        -max_paths 1
Design : CC
Version: T-2022.03
Date   : Mon Jan 22 13:39:55 2024
****************************************

Operating Conditions: slow   Library: slow
Wire Load Model Mode: top

  Startpoint: A_y_reg_6_ (rising edge-triggered flip-flop clocked by clk)
  Endpoint: yo_reg_0_ (rising edge-triggered flip-flop clocked by clk)
  Path Group: clk
  Path Type: max

  Point                                    Incr       Path
  -----------------------------------------------------------
  clock clk (rise edge)                    0.00       0.00
  clock network delay (ideal)              0.00       0.00
  A_y_reg_6_/CK (DFFRHQX2)                 0.00       0.00 r
  A_y_reg_6_/Q (DFFRHQX2)                  0.43       0.43 r
  U4314/Y (INVXL)                          0.18       0.61 f
  U6130/Y (XOR2X1)                         0.36       0.97 r
  U6131/Y (XNOR2XL)                        0.35       1.33 r
  U526/Y (XOR2X1)                          0.52       1.84 r
  U515/Y (NAND2X1)                         0.30       2.14 f
  U2495/Y (OAI22XL)                        0.26       2.40 r
  U2020/S (ADDFX1)                         0.68       3.09 f
  U6310/S (ADDFHX1)                        0.42       3.51 f
  U6326/CO (ADDFHX1)                       0.48       3.99 f
  U1350/S (ADDFHX1)                        0.49       4.47 r
  U1866/Y (OR2X2)                          0.17       4.64 r
  U2878/Y (NAND2XL)                        0.09       4.73 f
  U2877/Y (OAI21X1)                        0.20       4.93 r
  U6412/Y (INVX1)                          0.10       5.03 f
  U6413/Y (OAI21XL)                        0.21       5.24 r
  U2416/Y (XNOR2X1)                        0.38       5.62 r
  U1275/Y (INVX2)                          0.15       5.77 f
  U3544/Y (NOR2X1)                         0.11       5.89 r
  U3543/S (ADDFXL)                         1.20       7.08 r
  U3679/S (ADDFXL)                         1.26       8.34 r
  U3815/Y (OR2XL)                          0.22       8.56 r
  U6510/Y (AOI21X1)                        0.15       8.70 f
  U2377/Y (OAI21X1)                        0.21       8.91 r
  U2376/Y (AOI21X1)                        0.16       9.08 f
  U6521/Y (OAI21X1)                        0.24       9.32 r
  U926/Y (AOI21X1)                         0.17       9.49 f
  U917/Y (OAI21X1)                         0.21       9.70 r
  U913/Y (AOI21X1)                         0.16       9.86 f
  U1183/Y (OAI21X1)                        0.20      10.06 r
  U7219/CO (ADDFX1)                        0.33      10.39 r
  U7224/Y (XOR2X1)                         0.32      10.71 r
  U7672/Y (INVX1)                          0.07      10.78 f
  U836/Y (OR2X1)                           0.28      11.06 f
  U892/Y (AOI21XL)                         0.19      11.25 r
  U3048/Y (OAI21XL)                        0.11      11.37 f
  U7683/Y (NAND2X1)                        0.10      11.47 r
  U7685/Y (NAND3X1)                        0.10      11.56 f
  yo_reg_0_/D (DFFRHQX4)                   0.00      11.56 f
  data arrival time                                  11.56

  clock clk (rise edge)                   12.00      12.00
  clock network delay (ideal)              0.00      12.00
  clock uncertainty                       -0.10      11.90
  yo_reg_0_/CK (DFFRHQX4)                  0.00      11.90 r
  library setup time                      -0.34      11.56
  data required time                                 11.56
  -----------------------------------------------------------
  data required time                                 11.56
  data arrival time                                 -11.56
  -----------------------------------------------------------
  slack (MET)                                         0.00


1
exit

Memory usage for this session 347 Mbytes.
Memory usage for this session including child processes 696 Mbytes.
CPU usage for this session 492 seconds ( 0.14 hours ).
Elapsed time for this session 297 seconds ( 0.08 hours ).

Thank you...

